This file contains any messages produced by compilers while
running configure, to aid debugging if configure makes a mistake.

It was created by cgminer configure 4.9.0, which was
generated by GNU Autoconf 2.69.  Invocation command line was

  $ ./configure --with-system-libusb --without-curses --enable-bitmain-D1 --disable-libcurl --host arm

## --------- ##
## Platform. ##
## --------- ##

hostname = Hades
uname -m = x86_64
uname -r = 4.9.65-1-lts
uname -s = Linux
uname -v = #1 SMP Fri Nov 24 13:02:16 CET 2017

/usr/bin/uname -p = unknown
/bin/uname -X     = unknown

/bin/arch              = unknown
/usr/bin/arch -k       = unknown
/usr/convex/getsysinfo = unknown
/usr/bin/hostinfo      = unknown
/bin/machine           = unknown
/usr/bin/oslevel       = unknown
/bin/universe          = unknown

PATH: /usr/local/sbin
PATH: /usr/local/bin
PATH: /usr/bin
PATH: /opt/android-sdk/platform-tools
PATH: /opt/android-sdk/tools
PATH: /opt/cuda/bin
PATH: /usr/lib/jvm/default/bin
PATH: /usr/bin/site_perl
PATH: /usr/bin/vendor_perl
PATH: /usr/bin/core_perl


## ----------- ##
## Core tests. ##
## ----------- ##

configure:2922: checking build system type
configure:2936: result: x86_64-pc-linux-gnu
configure:2956: checking host system type
configure:2969: result: arm-unknown-none
configure:2989: checking target system type
configure:3002: result: arm-unknown-none
configure:3050: checking for a BSD-compatible install
configure:3118: result: /usr/bin/install -c
configure:3129: checking whether build environment is sane
configure:3184: result: yes
configure:3243: checking for arm-strip
configure:3273: result: no
configure:3283: checking for strip
configure:3299: found /usr/bin/strip
configure:3310: result: strip
configure:3335: checking for a thread-safe mkdir -p
configure:3374: result: /usr/bin/mkdir -p
configure:3382: checking for gawk
configure:3398: found /usr/bin/gawk
configure:3409: result: gawk
configure:3420: checking whether make sets $(MAKE)
configure:3442: result: yes
configure:3471: checking whether make supports nested variables
configure:3488: result: yes
configure:3625: checking whether make supports nested variables
configure:3642: result: yes
configure:3665: checking for style of include used by make
configure:3693: result: GNU
configure:3724: checking for arm-gcc
configure:3751: result: /home/dan/lin/bin/arm-linux-gnueabihf-gcc
configure:4020: checking for C compiler version
configure:4029: /home/dan/lin/bin/arm-linux-gnueabihf-gcc --version >&5
arm-linux-gnueabihf-gcc (Linaro GCC 7.2-2017.11) 7.2.1 20171011
Copyright (C) 2017 Free Software Foundation, Inc.
This is free software; see the source for copying conditions.  There is NO
warranty; not even for MERCHANTABILITY or FITNESS FOR A PARTICULAR PURPOSE.

configure:4040: $? = 0
configure:4029: /home/dan/lin/bin/arm-linux-gnueabihf-gcc -v >&5
Using built-in specs.
COLLECT_GCC=/home/dan/lin/bin/arm-linux-gnueabihf-gcc
COLLECT_LTO_WRAPPER=/home/dan/lin/bin/../libexec/gcc/arm-linux-gnueabihf/7.2.1/lto-wrapper
Target: arm-linux-gnueabihf
Configured with: '/home/tcwg-buildslave/workspace/tcwg-make-release/builder_arch/amd64/label/tcwg-x86_64-build/target/arm-linux-gnueabihf/snapshots/gcc.git~linaro-7.2-2017.11/configure' SHELL=/bin/bash --with-mpc=/home/tcwg-buildslave/workspace/tcwg-make-release/builder_arch/amd64/label/tcwg-x86_64-build/target/arm-linux-gnueabihf/_build/builds/destdir/x86_64-unknown-linux-gnu --with-mpfr=/home/tcwg-buildslave/workspace/tcwg-make-release/builder_arch/amd64/label/tcwg-x86_64-build/target/arm-linux-gnueabihf/_build/builds/destdir/x86_64-unknown-linux-gnu --with-gmp=/home/tcwg-buildslave/workspace/tcwg-make-release/builder_arch/amd64/label/tcwg-x86_64-build/target/arm-linux-gnueabihf/_build/builds/destdir/x86_64-unknown-linux-gnu --with-gnu-as --with-gnu-ld --disable-libmudflap --enable-lto --enable-shared --without-included-gettext --enable-nls --disable-sjlj-exceptions --enable-gnu-unique-object --enable-linker-build-id --disable-libstdcxx-pch --enable-c99 --enable-clocale=gnu --enable-libstdcxx-debug --enable-long-long --with-cloog=no --with-ppl=no --with-isl=no --disable-multilib --with-float=hard --with-fpu=vfpv3-d16 --with-mode=thumb --with-tune=cortex-a9 --with-arch=armv7-a --enable-threads=posix --enable-multiarch --enable-libstdcxx-time=yes --enable-gnu-indirect-function --with-build-sysroot=/home/tcwg-buildslave/workspace/tcwg-make-release/builder_arch/amd64/label/tcwg-x86_64-build/target/arm-linux-gnueabihf/_build/sysroots/arm-linux-gnueabihf --with-sysroot=/home/tcwg-buildslave/workspace/tcwg-make-release/builder_arch/amd64/label/tcwg-x86_64-build/target/arm-linux-gnueabihf/_build/builds/destdir/x86_64-unknown-linux-gnu/arm-linux-gnueabihf/libc --enable-checking=release --disable-bootstrap --enable-languages=c,c++,fortran,lto --build=x86_64-unknown-linux-gnu --host=x86_64-unknown-linux-gnu --target=arm-linux-gnueabihf --prefix=/home/tcwg-buildslave/workspace/tcwg-make-release/builder_arch/amd64/label/tcwg-x86_64-build/target/arm-linux-gnueabihf/_build/builds/destdir/x86_64-unknown-linux-gnu
Thread model: posix
gcc version 7.2.1 20171011 (Linaro GCC 7.2-2017.11) 
configure:4040: $? = 0
configure:4029: /home/dan/lin/bin/arm-linux-gnueabihf-gcc -V >&5
arm-linux-gnueabihf-gcc: error: unrecognized command line option '-V'
arm-linux-gnueabihf-gcc: fatal error: no input files
compilation terminated.
configure:4040: $? = 1
configure:4029: /home/dan/lin/bin/arm-linux-gnueabihf-gcc -qversion >&5
arm-linux-gnueabihf-gcc: error: unrecognized command line option '-qversion'; did you mean '--version'?
arm-linux-gnueabihf-gcc: fatal error: no input files
compilation terminated.
configure:4040: $? = 1
configure:4060: checking whether the C compiler works
configure:4082: /home/dan/lin/bin/arm-linux-gnueabihf-gcc -O2 -Wall -march=armv7   conftest.c  >&5
configure:4086: $? = 0
configure:4134: result: yes
configure:4137: checking for C compiler default output file name
configure:4139: result: a.out
configure:4145: checking for suffix of executables
configure:4152: /home/dan/lin/bin/arm-linux-gnueabihf-gcc -o conftest -O2 -Wall -march=armv7   conftest.c  >&5
configure:4156: $? = 0
configure:4178: result: 
configure:4200: checking whether we are cross compiling
configure:4208: /home/dan/lin/bin/arm-linux-gnueabihf-gcc -o conftest -O2 -Wall -march=armv7   conftest.c  >&5
configure:4212: $? = 0
configure:4219: ./conftest
./configure: line 4221: ./conftest: cannot execute binary file: Exec format error
configure:4223: $? = 126
configure:4238: result: yes
configure:4243: checking for suffix of object files
configure:4265: /home/dan/lin/bin/arm-linux-gnueabihf-gcc -c -O2 -Wall -march=armv7  conftest.c >&5
configure:4269: $? = 0
configure:4290: result: o
configure:4294: checking whether we are using the GNU C compiler
configure:4313: /home/dan/lin/bin/arm-linux-gnueabihf-gcc -c -O2 -Wall -march=armv7  conftest.c >&5
configure:4313: $? = 0
configure:4322: result: yes
configure:4331: checking whether /home/dan/lin/bin/arm-linux-gnueabihf-gcc accepts -g
configure:4351: /home/dan/lin/bin/arm-linux-gnueabihf-gcc -c -g  conftest.c >&5
configure:4351: $? = 0
configure:4392: result: yes
configure:4409: checking for /home/dan/lin/bin/arm-linux-gnueabihf-gcc option to accept ISO C89
configure:4472: /home/dan/lin/bin/arm-linux-gnueabihf-gcc  -c -O2 -Wall -march=armv7  conftest.c >&5
configure:4472: $? = 0
configure:4485: result: none needed
configure:4510: checking whether /home/dan/lin/bin/arm-linux-gnueabihf-gcc understands -c and -o together
configure:4532: /home/dan/lin/bin/arm-linux-gnueabihf-gcc -c conftest.c -o conftest2.o
configure:4535: $? = 0
configure:4532: /home/dan/lin/bin/arm-linux-gnueabihf-gcc -c conftest.c -o conftest2.o
configure:4535: $? = 0
configure:4547: result: yes
configure:4566: checking dependency style of /home/dan/lin/bin/arm-linux-gnueabihf-gcc
configure:4677: result: gcc3
configure:4698: checking how to run the C preprocessor
configure:4729: /home/dan/lin/bin/arm-linux-gnueabihf-gcc -E  conftest.c
configure:4729: $? = 0
configure:4743: /home/dan/lin/bin/arm-linux-gnueabihf-gcc -E  conftest.c
conftest.c:11:10: fatal error: ac_nonexistent.h: No such file or directory
 #include <ac_nonexistent.h>
          ^~~~~~~~~~~~~~~~~~
compilation terminated.
configure:4743: $? = 1
configure: failed program was:
| /* confdefs.h */
| #define PACKAGE_NAME "cgminer"
| #define PACKAGE_TARNAME "cgminer"
| #define PACKAGE_VERSION "4.9.0"
| #define PACKAGE_STRING "cgminer 4.9.0"
| #define PACKAGE_BUGREPORT "support@bitmain.com"
| #define PACKAGE_URL ""
| #define PACKAGE "cgminer"
| #define VERSION "4.9.0"
| /* end confdefs.h.  */
| #include <ac_nonexistent.h>
configure:4768: result: /home/dan/lin/bin/arm-linux-gnueabihf-gcc -E
configure:4788: /home/dan/lin/bin/arm-linux-gnueabihf-gcc -E  conftest.c
configure:4788: $? = 0
configure:4802: /home/dan/lin/bin/arm-linux-gnueabihf-gcc -E  conftest.c
conftest.c:11:10: fatal error: ac_nonexistent.h: No such file or directory
 #include <ac_nonexistent.h>
          ^~~~~~~~~~~~~~~~~~
compilation terminated.
configure:4802: $? = 1
configure: failed program was:
| /* confdefs.h */
| #define PACKAGE_NAME "cgminer"
| #define PACKAGE_TARNAME "cgminer"
| #define PACKAGE_VERSION "4.9.0"
| #define PACKAGE_STRING "cgminer 4.9.0"
| #define PACKAGE_BUGREPORT "support@bitmain.com"
| #define PACKAGE_URL ""
| #define PACKAGE "cgminer"
| #define VERSION "4.9.0"
| /* end confdefs.h.  */
| #include <ac_nonexistent.h>
configure:4831: checking for grep that handles long lines and -e
configure:4889: result: /usr/bin/grep
configure:4894: checking for egrep
configure:4956: result: /usr/bin/grep -E
configure:4961: checking for ANSI C header files
configure:4981: /home/dan/lin/bin/arm-linux-gnueabihf-gcc -c -O2 -Wall -march=armv7  conftest.c >&5
configure:4981: $? = 0
configure:5065: result: yes
configure:5078: checking for sys/types.h
configure:5078: /home/dan/lin/bin/arm-linux-gnueabihf-gcc -c -O2 -Wall -march=armv7  conftest.c >&5
configure:5078: $? = 0
configure:5078: result: yes
configure:5078: checking for sys/stat.h
configure:5078: /home/dan/lin/bin/arm-linux-gnueabihf-gcc -c -O2 -Wall -march=armv7  conftest.c >&5
configure:5078: $? = 0
configure:5078: result: yes
configure:5078: checking for stdlib.h
configure:5078: /home/dan/lin/bin/arm-linux-gnueabihf-gcc -c -O2 -Wall -march=armv7  conftest.c >&5
configure:5078: $? = 0
configure:5078: result: yes
configure:5078: checking for string.h
configure:5078: /home/dan/lin/bin/arm-linux-gnueabihf-gcc -c -O2 -Wall -march=armv7  conftest.c >&5
configure:5078: $? = 0
configure:5078: result: yes
configure:5078: checking for memory.h
configure:5078: /home/dan/lin/bin/arm-linux-gnueabihf-gcc -c -O2 -Wall -march=armv7  conftest.c >&5
configure:5078: $? = 0
configure:5078: result: yes
configure:5078: checking for strings.h
configure:5078: /home/dan/lin/bin/arm-linux-gnueabihf-gcc -c -O2 -Wall -march=armv7  conftest.c >&5
configure:5078: $? = 0
configure:5078: result: yes
configure:5078: checking for inttypes.h
configure:5078: /home/dan/lin/bin/arm-linux-gnueabihf-gcc -c -O2 -Wall -march=armv7  conftest.c >&5
configure:5078: $? = 0
configure:5078: result: yes
configure:5078: checking for stdint.h
configure:5078: /home/dan/lin/bin/arm-linux-gnueabihf-gcc -c -O2 -Wall -march=armv7  conftest.c >&5
configure:5078: $? = 0
configure:5078: result: yes
configure:5078: checking for unistd.h
configure:5078: /home/dan/lin/bin/arm-linux-gnueabihf-gcc -c -O2 -Wall -march=armv7  conftest.c >&5
configure:5078: $? = 0
configure:5078: result: yes
configure:5093: checking minix/config.h usability
configure:5093: /home/dan/lin/bin/arm-linux-gnueabihf-gcc -c -O2 -Wall -march=armv7  conftest.c >&5
conftest.c:54:10: fatal error: minix/config.h: No such file or directory
 #include <minix/config.h>
          ^~~~~~~~~~~~~~~~
compilation terminated.
configure:5093: $? = 1
configure: failed program was:
| /* confdefs.h */
| #define PACKAGE_NAME "cgminer"
| #define PACKAGE_TARNAME "cgminer"
| #define PACKAGE_VERSION "4.9.0"
| #define PACKAGE_STRING "cgminer 4.9.0"
| #define PACKAGE_BUGREPORT "support@bitmain.com"
| #define PACKAGE_URL ""
| #define PACKAGE "cgminer"
| #define VERSION "4.9.0"
| #define STDC_HEADERS 1
| #define HAVE_SYS_TYPES_H 1
| #define HAVE_SYS_STAT_H 1
| #define HAVE_STDLIB_H 1
| #define HAVE_STRING_H 1
| #define HAVE_MEMORY_H 1
| #define HAVE_STRINGS_H 1
| #define HAVE_INTTYPES_H 1
| #define HAVE_STDINT_H 1
| #define HAVE_UNISTD_H 1
| /* end confdefs.h.  */
| #include <stdio.h>
| #ifdef HAVE_SYS_TYPES_H
| # include <sys/types.h>
| #endif
| #ifdef HAVE_SYS_STAT_H
| # include <sys/stat.h>
| #endif
| #ifdef STDC_HEADERS
| # include <stdlib.h>
| # include <stddef.h>
| #else
| # ifdef HAVE_STDLIB_H
| #  include <stdlib.h>
| # endif
| #endif
| #ifdef HAVE_STRING_H
| # if !defined STDC_HEADERS && defined HAVE_MEMORY_H
| #  include <memory.h>
| # endif
| # include <string.h>
| #endif
| #ifdef HAVE_STRINGS_H
| # include <strings.h>
| #endif
| #ifdef HAVE_INTTYPES_H
| # include <inttypes.h>
| #endif
| #ifdef HAVE_STDINT_H
| # include <stdint.h>
| #endif
| #ifdef HAVE_UNISTD_H
| # include <unistd.h>
| #endif
| #include <minix/config.h>
configure:5093: result: no
configure:5093: checking minix/config.h presence
configure:5093: /home/dan/lin/bin/arm-linux-gnueabihf-gcc -E  conftest.c
conftest.c:21:10: fatal error: minix/config.h: No such file or directory
 #include <minix/config.h>
          ^~~~~~~~~~~~~~~~
compilation terminated.
configure:5093: $? = 1
configure: failed program was:
| /* confdefs.h */
| #define PACKAGE_NAME "cgminer"
| #define PACKAGE_TARNAME "cgminer"
| #define PACKAGE_VERSION "4.9.0"
| #define PACKAGE_STRING "cgminer 4.9.0"
| #define PACKAGE_BUGREPORT "support@bitmain.com"
| #define PACKAGE_URL ""
| #define PACKAGE "cgminer"
| #define VERSION "4.9.0"
| #define STDC_HEADERS 1
| #define HAVE_SYS_TYPES_H 1
| #define HAVE_SYS_STAT_H 1
| #define HAVE_STDLIB_H 1
| #define HAVE_STRING_H 1
| #define HAVE_MEMORY_H 1
| #define HAVE_STRINGS_H 1
| #define HAVE_INTTYPES_H 1
| #define HAVE_STDINT_H 1
| #define HAVE_UNISTD_H 1
| /* end confdefs.h.  */
| #include <minix/config.h>
configure:5093: result: no
configure:5093: checking for minix/config.h
configure:5093: result: no
configure:5122: checking whether it is safe to define __EXTENSIONS__
configure:5140: /home/dan/lin/bin/arm-linux-gnueabihf-gcc -c -O2 -Wall -march=armv7  conftest.c >&5
configure:5140: $? = 0
configure:5147: result: yes
configure:5194: checking whether to enable maintainer-specific portions of Makefiles
configure:5203: result: no
configure:5225: checking for arm-gcc
configure:5252: result: /home/dan/lin/bin/arm-linux-gnueabihf-gcc
configure:5521: checking for C compiler version
configure:5530: /home/dan/lin/bin/arm-linux-gnueabihf-gcc --version >&5
arm-linux-gnueabihf-gcc (Linaro GCC 7.2-2017.11) 7.2.1 20171011
Copyright (C) 2017 Free Software Foundation, Inc.
This is free software; see the source for copying conditions.  There is NO
warranty; not even for MERCHANTABILITY or FITNESS FOR A PARTICULAR PURPOSE.

configure:5541: $? = 0
configure:5530: /home/dan/lin/bin/arm-linux-gnueabihf-gcc -v >&5
Using built-in specs.
COLLECT_GCC=/home/dan/lin/bin/arm-linux-gnueabihf-gcc
COLLECT_LTO_WRAPPER=/home/dan/lin/bin/../libexec/gcc/arm-linux-gnueabihf/7.2.1/lto-wrapper
Target: arm-linux-gnueabihf
Configured with: '/home/tcwg-buildslave/workspace/tcwg-make-release/builder_arch/amd64/label/tcwg-x86_64-build/target/arm-linux-gnueabihf/snapshots/gcc.git~linaro-7.2-2017.11/configure' SHELL=/bin/bash --with-mpc=/home/tcwg-buildslave/workspace/tcwg-make-release/builder_arch/amd64/label/tcwg-x86_64-build/target/arm-linux-gnueabihf/_build/builds/destdir/x86_64-unknown-linux-gnu --with-mpfr=/home/tcwg-buildslave/workspace/tcwg-make-release/builder_arch/amd64/label/tcwg-x86_64-build/target/arm-linux-gnueabihf/_build/builds/destdir/x86_64-unknown-linux-gnu --with-gmp=/home/tcwg-buildslave/workspace/tcwg-make-release/builder_arch/amd64/label/tcwg-x86_64-build/target/arm-linux-gnueabihf/_build/builds/destdir/x86_64-unknown-linux-gnu --with-gnu-as --with-gnu-ld --disable-libmudflap --enable-lto --enable-shared --without-included-gettext --enable-nls --disable-sjlj-exceptions --enable-gnu-unique-object --enable-linker-build-id --disable-libstdcxx-pch --enable-c99 --enable-clocale=gnu --enable-libstdcxx-debug --enable-long-long --with-cloog=no --with-ppl=no --with-isl=no --disable-multilib --with-float=hard --with-fpu=vfpv3-d16 --with-mode=thumb --with-tune=cortex-a9 --with-arch=armv7-a --enable-threads=posix --enable-multiarch --enable-libstdcxx-time=yes --enable-gnu-indirect-function --with-build-sysroot=/home/tcwg-buildslave/workspace/tcwg-make-release/builder_arch/amd64/label/tcwg-x86_64-build/target/arm-linux-gnueabihf/_build/sysroots/arm-linux-gnueabihf --with-sysroot=/home/tcwg-buildslave/workspace/tcwg-make-release/builder_arch/amd64/label/tcwg-x86_64-build/target/arm-linux-gnueabihf/_build/builds/destdir/x86_64-unknown-linux-gnu/arm-linux-gnueabihf/libc --enable-checking=release --disable-bootstrap --enable-languages=c,c++,fortran,lto --build=x86_64-unknown-linux-gnu --host=x86_64-unknown-linux-gnu --target=arm-linux-gnueabihf --prefix=/home/tcwg-buildslave/workspace/tcwg-make-release/builder_arch/amd64/label/tcwg-x86_64-build/target/arm-linux-gnueabihf/_build/builds/destdir/x86_64-unknown-linux-gnu
Thread model: posix
gcc version 7.2.1 20171011 (Linaro GCC 7.2-2017.11) 
configure:5541: $? = 0
configure:5530: /home/dan/lin/bin/arm-linux-gnueabihf-gcc -V >&5
arm-linux-gnueabihf-gcc: error: unrecognized command line option '-V'
arm-linux-gnueabihf-gcc: fatal error: no input files
compilation terminated.
configure:5541: $? = 1
configure:5530: /home/dan/lin/bin/arm-linux-gnueabihf-gcc -qversion >&5
arm-linux-gnueabihf-gcc: error: unrecognized command line option '-qversion'; did you mean '--version'?
arm-linux-gnueabihf-gcc: fatal error: no input files
compilation terminated.
configure:5541: $? = 1
configure:5545: checking whether we are using the GNU C compiler
configure:5573: result: yes
configure:5582: checking whether /home/dan/lin/bin/arm-linux-gnueabihf-gcc accepts -g
configure:5643: result: yes
configure:5660: checking for /home/dan/lin/bin/arm-linux-gnueabihf-gcc option to accept ISO C89
configure:5736: result: none needed
configure:5761: checking whether /home/dan/lin/bin/arm-linux-gnueabihf-gcc understands -c and -o together
configure:5798: result: yes
configure:5817: checking dependency style of /home/dan/lin/bin/arm-linux-gnueabihf-gcc
configure:5928: result: gcc3
configure:5946: checking for arm-ranlib
configure:5976: result: no
configure:5986: checking for ranlib
configure:6002: found /usr/bin/ranlib
configure:6013: result: ranlib
configure:6025: WARNING: using cross tools not prefixed with host triplet
configure:6061: checking whether /home/dan/lin/bin/arm-linux-gnueabihf-gcc needs -traditional
configure:6095: result: no
configure:6149: checking how to print strings
configure:6176: result: printf
configure:6197: checking for a sed that does not truncate output
configure:6261: result: /usr/bin/sed
configure:6279: checking for fgrep
configure:6341: result: /usr/bin/grep -F
configure:6376: checking for ld used by /home/dan/lin/bin/arm-linux-gnueabihf-gcc
configure:6443: result: /home/dan/lin/arm-linux-gnueabihf/bin/ld
configure:6450: checking if the linker (/home/dan/lin/arm-linux-gnueabihf/bin/ld) is GNU ld
configure:6465: result: yes
configure:6477: checking for BSD- or MS-compatible name lister (nm)
configure:6531: result: no
configure:6545: checking for arm-dumpbin
configure:6575: result: no
configure:6545: checking for arm-link
configure:6575: result: no
configure:6589: checking for dumpbin
configure:6619: result: no
configure:6589: checking for link
configure:6605: found /usr/bin/link
configure:6616: result: link -dump
configure:6661: checking the name lister (nm) interface
configure:6668: /home/dan/lin/bin/arm-linux-gnueabihf-gcc -c -O2 -Wall -march=armv7  conftest.c >&5
configure:6671: nm "conftest.o"
configure:6674: output
00000000 b $d
00000000 B some_variable
configure:6681: result: BSD nm
configure:6684: checking whether ln -s works
configure:6688: result: yes
configure:6696: checking the maximum length of command line arguments
configure:6827: result: 1572864
configure:6875: checking how to convert x86_64-pc-linux-gnu file names to arm-unknown-none format
configure:6915: result: func_convert_file_noop
configure:6922: checking how to convert x86_64-pc-linux-gnu file names to toolchain format
configure:6942: result: func_convert_file_noop
configure:6949: checking for /home/dan/lin/arm-linux-gnueabihf/bin/ld option to reload object files
configure:6956: result: -r
configure:6990: checking for arm-objdump
configure:7020: result: no
configure:7030: checking for objdump
configure:7046: found /usr/bin/objdump
configure:7057: result: objdump
configure:7089: checking how to recognize dependent libraries
configure:7289: result: unknown
configure:7334: checking for arm-dlltool
configure:7364: result: no
configure:7374: checking for dlltool
configure:7404: result: no
configure:7434: checking how to associate runtime and link libraries
configure:7461: result: printf %s\n
configure:7477: checking for arm-ar
configure:7507: result: no
configure:7521: checking for ar
configure:7537: found /usr/bin/ar
configure:7548: result: ar
configure:7601: checking for archiver @FILE support
configure:7618: /home/dan/lin/bin/arm-linux-gnueabihf-gcc -c -O2 -Wall -march=armv7  conftest.c >&5
configure:7618: $? = 0
configure:7621: ar cr libconftest.a @conftest.lst >&5
configure:7624: $? = 0
configure:7629: ar cr libconftest.a @conftest.lst >&5
ar: conftest.o: No such file or directory
configure:7632: $? = 1
configure:7644: result: @
configure:7662: checking for arm-strip
configure:7689: result: strip
configure:7761: checking for arm-ranlib
configure:7788: result: ranlib
configure:7930: checking command to parse nm output from /home/dan/lin/bin/arm-linux-gnueabihf-gcc object
configure:8083: /home/dan/lin/bin/arm-linux-gnueabihf-gcc -c -O2 -Wall -march=armv7  conftest.c >&5
configure:8086: $? = 0
configure:8090: nm conftest.o \| sed -n -e 's/^.*[ ]\([ABCDGIRSTW][ABCDGIRSTW]*\)[ ][ ]*\([_A-Za-z][_A-Za-z0-9]*\)$/\1 \2 \2/p' | sed '/ __gnu_lto/d' \> conftest.nm
configure:8093: $? = 0
configure:8159: /home/dan/lin/bin/arm-linux-gnueabihf-gcc -o conftest -O2 -Wall -march=armv7   conftest.c conftstm.o >&5
configure:8162: $? = 0
configure:8200: result: ok
configure:8247: checking for sysroot
configure:8277: result: no
configure:8284: checking for a working dd
configure:8322: result: /usr/bin/dd
configure:8326: checking how to truncate binary pipes
configure:8341: result: /usr/bin/dd bs=4096 count=1
configure:8630: checking for arm-mt
configure:8660: result: no
configure:8670: checking for mt
configure:8700: result: no
configure:8720: checking if : is a manifest tool
configure:8726: : '-?'
configure:8734: result: no
configure:9408: checking for dlfcn.h
configure:9408: /home/dan/lin/bin/arm-linux-gnueabihf-gcc -c -O2 -Wall -march=armv7  conftest.c >&5
configure:9408: $? = 0
configure:9408: result: yes
configure:9663: checking for objdir
configure:9678: result: .libs
configure:9942: checking if /home/dan/lin/bin/arm-linux-gnueabihf-gcc supports -fno-rtti -fno-exceptions
configure:9960: /home/dan/lin/bin/arm-linux-gnueabihf-gcc -c -O2 -Wall -march=armv7  -fno-rtti -fno-exceptions conftest.c >&5
cc1: warning: command line option '-fno-rtti' is valid for C++/ObjC++ but not for C
configure:9964: $? = 0
configure:9977: result: no
configure:10335: checking for /home/dan/lin/bin/arm-linux-gnueabihf-gcc option to produce PIC
configure:10342: result: -fPIC -DPIC
configure:10350: checking if /home/dan/lin/bin/arm-linux-gnueabihf-gcc PIC flag -fPIC -DPIC works
configure:10368: /home/dan/lin/bin/arm-linux-gnueabihf-gcc -c -O2 -Wall -march=armv7  -fPIC -DPIC -DPIC conftest.c >&5
configure:10372: $? = 0
configure:10385: result: yes
configure:10414: checking if /home/dan/lin/bin/arm-linux-gnueabihf-gcc static flag -static works
configure:10442: result: yes
configure:10457: checking if /home/dan/lin/bin/arm-linux-gnueabihf-gcc supports -c -o file.o
configure:10478: /home/dan/lin/bin/arm-linux-gnueabihf-gcc -c -O2 -Wall -march=armv7  -o out/conftest2.o conftest.c >&5
configure:10482: $? = 0
configure:10504: result: yes
configure:10512: checking if /home/dan/lin/bin/arm-linux-gnueabihf-gcc supports -c -o file.o
configure:10559: result: yes
configure:10592: checking whether the /home/dan/lin/bin/arm-linux-gnueabihf-gcc linker (/home/dan/lin/arm-linux-gnueabihf/bin/ld) supports shared libraries
configure:11853: result: yes
configure:12093: checking dynamic linker characteristics
configure:12911: result: no
configure:13033: checking how to hardcode library paths into programs
configure:13058: result: immediate
configure:13606: checking whether stripping libraries is possible
configure:13615: result: yes
configure:13657: checking if libtool supports shared libraries
configure:13659: result: no
configure:13662: checking whether to build shared libraries
configure:13687: result: no
configure:13690: checking whether to build static libraries
configure:13694: result: yes
configure:13746: checking sys/mman.h usability
configure:13746: /home/dan/lin/bin/arm-linux-gnueabihf-gcc -c -O2 -Wall -march=armv7  conftest.c >&5
configure:13746: $? = 0
configure:13746: result: yes
configure:13746: checking sys/mman.h presence
configure:13746: /home/dan/lin/bin/arm-linux-gnueabihf-gcc -E  conftest.c
configure:13746: $? = 0
configure:13746: result: yes
configure:13746: checking for sys/mman.h
configure:13746: result: yes
configure:13746: checking wchar.h usability
configure:13746: /home/dan/lin/bin/arm-linux-gnueabihf-gcc -c -O2 -Wall -march=armv7  conftest.c >&5
configure:13746: $? = 0
configure:13746: result: yes
configure:13746: checking wchar.h presence
configure:13746: /home/dan/lin/bin/arm-linux-gnueabihf-gcc -E  conftest.c
configure:13746: $? = 0
configure:13746: result: yes
configure:13746: checking for wchar.h
configure:13746: result: yes
configure:13746: checking for stdint.h
configure:13746: result: yes
configure:13767: checking for mprotect
configure:13767: /home/dan/lin/bin/arm-linux-gnueabihf-gcc -o conftest -O2 -Wall -march=armv7   conftest.c  >&5
configure:13767: $? = 0
configure:13767: result: yes
configure:13767: checking for sigaction
configure:13767: /home/dan/lin/bin/arm-linux-gnueabihf-gcc -o conftest -O2 -Wall -march=armv7   conftest.c  >&5
configure:13767: $? = 0
configure:13767: result: yes
configure:13767: checking for sigaltstack
configure:13767: /home/dan/lin/bin/arm-linux-gnueabihf-gcc -o conftest -O2 -Wall -march=armv7   conftest.c  >&5
configure:13767: $? = 0
configure:13767: result: yes
configure:13767: checking for siginterrupt
configure:13767: /home/dan/lin/bin/arm-linux-gnueabihf-gcc -o conftest -O2 -Wall -march=armv7   conftest.c  >&5
configure:13767: $? = 0
configure:13767: result: yes
configure:13858: checking for mmap
configure:13858: /home/dan/lin/bin/arm-linux-gnueabihf-gcc -o conftest -O2 -Wall -march=armv7   conftest.c  >&5
configure:13858: $? = 0
configure:13858: result: yes
configure:13869: checking for MAP_ANONYMOUS
configure:13906: result: yes
configure:13940: checking whether memchr works
configure:14013: result: guessing no
configure:14021: checking whether memmem is declared
configure:14021: /home/dan/lin/bin/arm-linux-gnueabihf-gcc -c -O2 -Wall -march=armv7  conftest.c >&5
configure:14021: $? = 0
configure:14021: result: yes
configure:14039: checking for memmem
configure:14039: /home/dan/lin/bin/arm-linux-gnueabihf-gcc -o conftest -O2 -Wall -march=armv7   conftest.c  >&5
configure:14039: $? = 0
configure:14039: result: yes
configure:14063: checking whether memmem works
configure:14138: result: yes
configure:14156: /home/dan/lin/bin/arm-linux-gnueabihf-gcc -c -O2 -Wall -march=armv7  conftest.c >&5
conftest.c:42:10: error: unknown type name 'not'
          not a universal capable compiler
          ^~~
conftest.c:42:16: error: expected '=', ',', ';', 'asm' or '__attribute__' before 'universal'
          not a universal capable compiler
                ^~~~~~~~~
conftest.c:42:16: error: unknown type name 'universal'
configure:14156: $? = 1
configure: failed program was:
| /* confdefs.h */
| #define PACKAGE_NAME "cgminer"
| #define PACKAGE_TARNAME "cgminer"
| #define PACKAGE_VERSION "4.9.0"
| #define PACKAGE_STRING "cgminer 4.9.0"
| #define PACKAGE_BUGREPORT "support@bitmain.com"
| #define PACKAGE_URL ""
| #define PACKAGE "cgminer"
| #define VERSION "4.9.0"
| #define STDC_HEADERS 1
| #define HAVE_SYS_TYPES_H 1
| #define HAVE_SYS_STAT_H 1
| #define HAVE_STDLIB_H 1
| #define HAVE_STRING_H 1
| #define HAVE_MEMORY_H 1
| #define HAVE_STRINGS_H 1
| #define HAVE_INTTYPES_H 1
| #define HAVE_STDINT_H 1
| #define HAVE_UNISTD_H 1
| #define __EXTENSIONS__ 1
| #define _ALL_SOURCE 1
| #define _GNU_SOURCE 1
| #define _POSIX_PTHREAD_SEMANTICS 1
| #define _TANDEM_SOURCE 1
| #define CGMINER_MAJOR_VERSION 4
| #define CGMINER_MINOR_VERSION 9
| #define CGMINER_MINOR_SUBVERSION 0
| #define HAVE_DLFCN_H 1
| #define LT_OBJDIR ".libs/"
| #define HAVE_SYS_MMAN_H 1
| #define HAVE_WCHAR_H 1
| #define HAVE_STDINT_H 1
| #define HAVE_MPROTECT 1
| #define HAVE_SIGACTION 1
| #define HAVE_SIGALTSTACK 1
| #define HAVE_SIGINTERRUPT 1
| #define HAVE_MAP_ANONYMOUS 1
| #define HAVE_DECL_MEMMEM 1
| #define HAVE_MEMMEM 1
| /* end confdefs.h.  */
| #ifndef __APPLE_CC__
|          not a universal capable compiler
|         #endif
|         typedef int dummy;
| 
configure:14207: checking for C/C++ restrict keyword
configure:14232: /home/dan/lin/bin/arm-linux-gnueabihf-gcc -c -O2 -Wall -march=armv7  conftest.c >&5
configure:14232: $? = 0
configure:14240: result: __restrict
configure:14253: checking for uid_t in sys/types.h
configure:14272: result: yes
configure:14283: checking for inline
configure:14299: /home/dan/lin/bin/arm-linux-gnueabihf-gcc -c -O2 -Wall -march=armv7  conftest.c >&5
configure:14299: $? = 0
configure:14307: result: inline
configure:14340: checking whether the preprocessor supports include_next
configure:14378: /home/dan/lin/bin/arm-linux-gnueabihf-gcc -c -O2 -Wall -march=armv7  -Iconftestd1b -Iconftestd2 conftest.c >&5
configure:14378: $? = 0
configure:14399: result: yes
configure:14420: checking whether system header files limit the line length
configure:14443: result: no
configure:14457: checking for wchar_t
configure:14474: /home/dan/lin/bin/arm-linux-gnueabihf-gcc -c -O2 -Wall -march=armv7  conftest.c >&5
configure:14474: $? = 0
configure:14481: result: yes
configure:14490: checking for unsigned long long int
configure:14529: /home/dan/lin/bin/arm-linux-gnueabihf-gcc -o conftest -O2 -Wall -march=armv7   conftest.c  >&5
configure:14529: $? = 0
configure:14538: result: yes
configure:14548: checking for long long int
configure:14598: result: yes
configure:14735: checking whether stdint.h conforms to C99
configure:14906: /home/dan/lin/bin/arm-linux-gnueabihf-gcc -c -O2 -Wall -march=armv7  conftest.c >&5
configure:14906: $? = 0
configure:15000: result: yes
configure:15399: checking whether memmem is declared without a macro
configure:15417: /home/dan/lin/bin/arm-linux-gnueabihf-gcc -c -O2 -Wall -march=armv7  conftest.c >&5
configure:15417: $? = 0
configure:15425: result: yes
configure:15399: checking whether mempcpy is declared without a macro
configure:15417: /home/dan/lin/bin/arm-linux-gnueabihf-gcc -c -O2 -Wall -march=armv7  conftest.c >&5
configure:15417: $? = 0
configure:15425: result: yes
configure:15399: checking whether memrchr is declared without a macro
configure:15417: /home/dan/lin/bin/arm-linux-gnueabihf-gcc -c -O2 -Wall -march=armv7  conftest.c >&5
configure:15417: $? = 0
configure:15425: result: yes
configure:15399: checking whether rawmemchr is declared without a macro
configure:15417: /home/dan/lin/bin/arm-linux-gnueabihf-gcc -c -O2 -Wall -march=armv7  conftest.c >&5
configure:15417: $? = 0
configure:15425: result: yes
configure:15399: checking whether stpcpy is declared without a macro
configure:15417: /home/dan/lin/bin/arm-linux-gnueabihf-gcc -c -O2 -Wall -march=armv7  conftest.c >&5
configure:15417: $? = 0
configure:15425: result: yes
configure:15399: checking whether stpncpy is declared without a macro
configure:15417: /home/dan/lin/bin/arm-linux-gnueabihf-gcc -c -O2 -Wall -march=armv7  conftest.c >&5
configure:15417: $? = 0
configure:15425: result: yes
configure:15399: checking whether strchrnul is declared without a macro
configure:15417: /home/dan/lin/bin/arm-linux-gnueabihf-gcc -c -O2 -Wall -march=armv7  conftest.c >&5
configure:15417: $? = 0
configure:15425: result: yes
configure:15399: checking whether strdup is declared without a macro
configure:15417: /home/dan/lin/bin/arm-linux-gnueabihf-gcc -c -O2 -Wall -march=armv7  conftest.c >&5
configure:15417: $? = 0
configure:15425: result: yes
configure:15399: checking whether strncat is declared without a macro
configure:15417: /home/dan/lin/bin/arm-linux-gnueabihf-gcc -c -O2 -Wall -march=armv7  conftest.c >&5
configure:15417: $? = 0
configure:15425: result: yes
configure:15399: checking whether strndup is declared without a macro
configure:15417: /home/dan/lin/bin/arm-linux-gnueabihf-gcc -c -O2 -Wall -march=armv7  conftest.c >&5
configure:15417: $? = 0
configure:15425: result: yes
configure:15399: checking whether strnlen is declared without a macro
configure:15417: /home/dan/lin/bin/arm-linux-gnueabihf-gcc -c -O2 -Wall -march=armv7  conftest.c >&5
configure:15417: $? = 0
configure:15425: result: yes
configure:15399: checking whether strpbrk is declared without a macro
configure:15417: /home/dan/lin/bin/arm-linux-gnueabihf-gcc -c -O2 -Wall -march=armv7  conftest.c >&5
configure:15417: $? = 0
configure:15425: result: yes
configure:15399: checking whether strsep is declared without a macro
configure:15417: /home/dan/lin/bin/arm-linux-gnueabihf-gcc -c -O2 -Wall -march=armv7  conftest.c >&5
configure:15417: $? = 0
configure:15425: result: yes
configure:15399: checking whether strcasestr is declared without a macro
configure:15417: /home/dan/lin/bin/arm-linux-gnueabihf-gcc -c -O2 -Wall -march=armv7  conftest.c >&5
configure:15417: $? = 0
configure:15425: result: yes
configure:15399: checking whether strtok_r is declared without a macro
configure:15417: /home/dan/lin/bin/arm-linux-gnueabihf-gcc -c -O2 -Wall -march=armv7  conftest.c >&5
configure:15417: $? = 0
configure:15425: result: yes
configure:15399: checking whether strerror_r is declared without a macro
configure:15417: /home/dan/lin/bin/arm-linux-gnueabihf-gcc -c -O2 -Wall -march=armv7  conftest.c >&5
configure:15417: $? = 0
configure:15425: result: yes
configure:15399: checking whether strsignal is declared without a macro
configure:15417: /home/dan/lin/bin/arm-linux-gnueabihf-gcc -c -O2 -Wall -march=armv7  conftest.c >&5
configure:15417: $? = 0
configure:15425: result: yes
configure:15399: checking whether strverscmp is declared without a macro
configure:15417: /home/dan/lin/bin/arm-linux-gnueabihf-gcc -c -O2 -Wall -march=armv7  conftest.c >&5
configure:15417: $? = 0
configure:15425: result: yes
configure:15475: checking bp-sym.h usability
configure:15475: /home/dan/lin/bin/arm-linux-gnueabihf-gcc -c -O2 -Wall -march=armv7  conftest.c >&5
conftest.c:96:10: fatal error: bp-sym.h: No such file or directory
 #include <bp-sym.h>
          ^~~~~~~~~~
compilation terminated.
configure:15475: $? = 1
configure: failed program was:
| /* confdefs.h */
| #define PACKAGE_NAME "cgminer"
| #define PACKAGE_TARNAME "cgminer"
| #define PACKAGE_VERSION "4.9.0"
| #define PACKAGE_STRING "cgminer 4.9.0"
| #define PACKAGE_BUGREPORT "support@bitmain.com"
| #define PACKAGE_URL ""
| #define PACKAGE "cgminer"
| #define VERSION "4.9.0"
| #define STDC_HEADERS 1
| #define HAVE_SYS_TYPES_H 1
| #define HAVE_SYS_STAT_H 1
| #define HAVE_STDLIB_H 1
| #define HAVE_STRING_H 1
| #define HAVE_MEMORY_H 1
| #define HAVE_STRINGS_H 1
| #define HAVE_INTTYPES_H 1
| #define HAVE_STDINT_H 1
| #define HAVE_UNISTD_H 1
| #define __EXTENSIONS__ 1
| #define _ALL_SOURCE 1
| #define _GNU_SOURCE 1
| #define _POSIX_PTHREAD_SEMANTICS 1
| #define _TANDEM_SOURCE 1
| #define CGMINER_MAJOR_VERSION 4
| #define CGMINER_MINOR_VERSION 9
| #define CGMINER_MINOR_SUBVERSION 0
| #define HAVE_DLFCN_H 1
| #define LT_OBJDIR ".libs/"
| #define HAVE_SYS_MMAN_H 1
| #define HAVE_WCHAR_H 1
| #define HAVE_STDINT_H 1
| #define HAVE_MPROTECT 1
| #define HAVE_SIGACTION 1
| #define HAVE_SIGALTSTACK 1
| #define HAVE_SIGINTERRUPT 1
| #define HAVE_MAP_ANONYMOUS 1
| #define HAVE_DECL_MEMMEM 1
| #define HAVE_MEMMEM 1
| #define restrict __restrict
| #define HAVE_WCHAR_T 1
| #define HAVE_UNSIGNED_LONG_LONG_INT 1
| #define HAVE_LONG_LONG_INT 1
| #define HAVE_RAW_DECL_MEMMEM 1
| #define HAVE_RAW_DECL_MEMPCPY 1
| #define HAVE_RAW_DECL_MEMRCHR 1
| #define HAVE_RAW_DECL_RAWMEMCHR 1
| #define HAVE_RAW_DECL_STPCPY 1
| #define HAVE_RAW_DECL_STPNCPY 1
| #define HAVE_RAW_DECL_STRCHRNUL 1
| #define HAVE_RAW_DECL_STRDUP 1
| #define HAVE_RAW_DECL_STRNCAT 1
| #define HAVE_RAW_DECL_STRNDUP 1
| #define HAVE_RAW_DECL_STRNLEN 1
| #define HAVE_RAW_DECL_STRPBRK 1
| #define HAVE_RAW_DECL_STRSEP 1
| #define HAVE_RAW_DECL_STRCASESTR 1
| #define HAVE_RAW_DECL_STRTOK_R 1
| #define HAVE_RAW_DECL_STRERROR_R 1
| #define HAVE_RAW_DECL_STRSIGNAL 1
| #define HAVE_RAW_DECL_STRVERSCMP 1
| /* end confdefs.h.  */
| #include <stdio.h>
| #ifdef HAVE_SYS_TYPES_H
| # include <sys/types.h>
| #endif
| #ifdef HAVE_SYS_STAT_H
| # include <sys/stat.h>
| #endif
| #ifdef STDC_HEADERS
| # include <stdlib.h>
| # include <stddef.h>
| #else
| # ifdef HAVE_STDLIB_H
| #  include <stdlib.h>
| # endif
| #endif
| #ifdef HAVE_STRING_H
| # if !defined STDC_HEADERS && defined HAVE_MEMORY_H
| #  include <memory.h>
| # endif
| # include <string.h>
| #endif
| #ifdef HAVE_STRINGS_H
| # include <strings.h>
| #endif
| #ifdef HAVE_INTTYPES_H
| # include <inttypes.h>
| #endif
| #ifdef HAVE_STDINT_H
| # include <stdint.h>
| #endif
| #ifdef HAVE_UNISTD_H
| # include <unistd.h>
| #endif
| #include <bp-sym.h>
configure:15475: result: no
configure:15475: checking bp-sym.h presence
configure:15475: /home/dan/lin/bin/arm-linux-gnueabihf-gcc -E  conftest.c
conftest.c:63:10: fatal error: bp-sym.h: No such file or directory
 #include <bp-sym.h>
          ^~~~~~~~~~
compilation terminated.
configure:15475: $? = 1
configure: failed program was:
| /* confdefs.h */
| #define PACKAGE_NAME "cgminer"
| #define PACKAGE_TARNAME "cgminer"
| #define PACKAGE_VERSION "4.9.0"
| #define PACKAGE_STRING "cgminer 4.9.0"
| #define PACKAGE_BUGREPORT "support@bitmain.com"
| #define PACKAGE_URL ""
| #define PACKAGE "cgminer"
| #define VERSION "4.9.0"
| #define STDC_HEADERS 1
| #define HAVE_SYS_TYPES_H 1
| #define HAVE_SYS_STAT_H 1
| #define HAVE_STDLIB_H 1
| #define HAVE_STRING_H 1
| #define HAVE_MEMORY_H 1
| #define HAVE_STRINGS_H 1
| #define HAVE_INTTYPES_H 1
| #define HAVE_STDINT_H 1
| #define HAVE_UNISTD_H 1
| #define __EXTENSIONS__ 1
| #define _ALL_SOURCE 1
| #define _GNU_SOURCE 1
| #define _POSIX_PTHREAD_SEMANTICS 1
| #define _TANDEM_SOURCE 1
| #define CGMINER_MAJOR_VERSION 4
| #define CGMINER_MINOR_VERSION 9
| #define CGMINER_MINOR_SUBVERSION 0
| #define HAVE_DLFCN_H 1
| #define LT_OBJDIR ".libs/"
| #define HAVE_SYS_MMAN_H 1
| #define HAVE_WCHAR_H 1
| #define HAVE_STDINT_H 1
| #define HAVE_MPROTECT 1
| #define HAVE_SIGACTION 1
| #define HAVE_SIGALTSTACK 1
| #define HAVE_SIGINTERRUPT 1
| #define HAVE_MAP_ANONYMOUS 1
| #define HAVE_DECL_MEMMEM 1
| #define HAVE_MEMMEM 1
| #define restrict __restrict
| #define HAVE_WCHAR_T 1
| #define HAVE_UNSIGNED_LONG_LONG_INT 1
| #define HAVE_LONG_LONG_INT 1
| #define HAVE_RAW_DECL_MEMMEM 1
| #define HAVE_RAW_DECL_MEMPCPY 1
| #define HAVE_RAW_DECL_MEMRCHR 1
| #define HAVE_RAW_DECL_RAWMEMCHR 1
| #define HAVE_RAW_DECL_STPCPY 1
| #define HAVE_RAW_DECL_STPNCPY 1
| #define HAVE_RAW_DECL_STRCHRNUL 1
| #define HAVE_RAW_DECL_STRDUP 1
| #define HAVE_RAW_DECL_STRNCAT 1
| #define HAVE_RAW_DECL_STRNDUP 1
| #define HAVE_RAW_DECL_STRNLEN 1
| #define HAVE_RAW_DECL_STRPBRK 1
| #define HAVE_RAW_DECL_STRSEP 1
| #define HAVE_RAW_DECL_STRCASESTR 1
| #define HAVE_RAW_DECL_STRTOK_R 1
| #define HAVE_RAW_DECL_STRERROR_R 1
| #define HAVE_RAW_DECL_STRSIGNAL 1
| #define HAVE_RAW_DECL_STRVERSCMP 1
| /* end confdefs.h.  */
| #include <bp-sym.h>
configure:15475: result: no
configure:15475: checking for bp-sym.h
configure:15475: result: no
configure:15505: checking whether memmem works in linear time
configure:15587: result: yes
configure:15612: checking for memmem
configure:15612: result: yes
configure:15636: checking whether memmem works
configure:15711: result: yes
configure:15757: checking for struct sigaction.sa_sigaction
configure:15757: /home/dan/lin/bin/arm-linux-gnueabihf-gcc -c -O2 -Wall -march=armv7  conftest.c >&5
configure:15757: $? = 0
configure:15757: result: yes
configure:15892: checking for volatile sig_atomic_t
configure:15892: /home/dan/lin/bin/arm-linux-gnueabihf-gcc -c -O2 -Wall -march=armv7  conftest.c >&5
configure:15892: $? = 0
configure:15892: /home/dan/lin/bin/arm-linux-gnueabihf-gcc -c -O2 -Wall -march=armv7  conftest.c >&5
conftest.c: In function 'main':
conftest.c:75:36: error: expected expression before ')' token
 if (sizeof ((volatile sig_atomic_t)))
                                    ^
configure:15892: $? = 1
configure: failed program was:
| /* confdefs.h */
| #define PACKAGE_NAME "cgminer"
| #define PACKAGE_TARNAME "cgminer"
| #define PACKAGE_VERSION "4.9.0"
| #define PACKAGE_STRING "cgminer 4.9.0"
| #define PACKAGE_BUGREPORT "support@bitmain.com"
| #define PACKAGE_URL ""
| #define PACKAGE "cgminer"
| #define VERSION "4.9.0"
| #define STDC_HEADERS 1
| #define HAVE_SYS_TYPES_H 1
| #define HAVE_SYS_STAT_H 1
| #define HAVE_STDLIB_H 1
| #define HAVE_STRING_H 1
| #define HAVE_MEMORY_H 1
| #define HAVE_STRINGS_H 1
| #define HAVE_INTTYPES_H 1
| #define HAVE_STDINT_H 1
| #define HAVE_UNISTD_H 1
| #define __EXTENSIONS__ 1
| #define _ALL_SOURCE 1
| #define _GNU_SOURCE 1
| #define _POSIX_PTHREAD_SEMANTICS 1
| #define _TANDEM_SOURCE 1
| #define CGMINER_MAJOR_VERSION 4
| #define CGMINER_MINOR_VERSION 9
| #define CGMINER_MINOR_SUBVERSION 0
| #define HAVE_DLFCN_H 1
| #define LT_OBJDIR ".libs/"
| #define HAVE_SYS_MMAN_H 1
| #define HAVE_WCHAR_H 1
| #define HAVE_STDINT_H 1
| #define HAVE_MPROTECT 1
| #define HAVE_SIGACTION 1
| #define HAVE_SIGALTSTACK 1
| #define HAVE_SIGINTERRUPT 1
| #define HAVE_MAP_ANONYMOUS 1
| #define HAVE_DECL_MEMMEM 1
| #define HAVE_MEMMEM 1
| #define restrict __restrict
| #define HAVE_WCHAR_T 1
| #define HAVE_UNSIGNED_LONG_LONG_INT 1
| #define HAVE_LONG_LONG_INT 1
| #define HAVE_RAW_DECL_MEMMEM 1
| #define HAVE_RAW_DECL_MEMPCPY 1
| #define HAVE_RAW_DECL_MEMRCHR 1
| #define HAVE_RAW_DECL_RAWMEMCHR 1
| #define HAVE_RAW_DECL_STPCPY 1
| #define HAVE_RAW_DECL_STPNCPY 1
| #define HAVE_RAW_DECL_STRCHRNUL 1
| #define HAVE_RAW_DECL_STRDUP 1
| #define HAVE_RAW_DECL_STRNCAT 1
| #define HAVE_RAW_DECL_STRNDUP 1
| #define HAVE_RAW_DECL_STRNLEN 1
| #define HAVE_RAW_DECL_STRPBRK 1
| #define HAVE_RAW_DECL_STRSEP 1
| #define HAVE_RAW_DECL_STRCASESTR 1
| #define HAVE_RAW_DECL_STRTOK_R 1
| #define HAVE_RAW_DECL_STRERROR_R 1
| #define HAVE_RAW_DECL_STRSIGNAL 1
| #define HAVE_RAW_DECL_STRVERSCMP 1
| #define GNULIB_TEST_MEMCHR 1
| #define HAVE_MEMMEM 1
| #define GNULIB_TEST_MEMMEM 1
| #define HAVE_STRUCT_SIGACTION_SA_SIGACTION 1
| #define GNULIB_TEST_SIGACTION 1
| /* end confdefs.h.  */
| 
| #include <signal.h>
| 
| 
| int
| main ()
| {
| if (sizeof ((volatile sig_atomic_t)))
| 	    return 0;
|   ;
|   return 0;
| }
configure:15892: result: yes
configure:15906: checking for sighandler_t
configure:15906: /home/dan/lin/bin/arm-linux-gnueabihf-gcc -c -O2 -Wall -march=armv7  conftest.c >&5
configure:15906: $? = 0
configure:15906: /home/dan/lin/bin/arm-linux-gnueabihf-gcc -c -O2 -Wall -march=armv7  conftest.c >&5
conftest.c: In function 'main':
conftest.c:75:27: error: expected expression before ')' token
 if (sizeof ((sighandler_t)))
                           ^
configure:15906: $? = 1
configure: failed program was:
| /* confdefs.h */
| #define PACKAGE_NAME "cgminer"
| #define PACKAGE_TARNAME "cgminer"
| #define PACKAGE_VERSION "4.9.0"
| #define PACKAGE_STRING "cgminer 4.9.0"
| #define PACKAGE_BUGREPORT "support@bitmain.com"
| #define PACKAGE_URL ""
| #define PACKAGE "cgminer"
| #define VERSION "4.9.0"
| #define STDC_HEADERS 1
| #define HAVE_SYS_TYPES_H 1
| #define HAVE_SYS_STAT_H 1
| #define HAVE_STDLIB_H 1
| #define HAVE_STRING_H 1
| #define HAVE_MEMORY_H 1
| #define HAVE_STRINGS_H 1
| #define HAVE_INTTYPES_H 1
| #define HAVE_STDINT_H 1
| #define HAVE_UNISTD_H 1
| #define __EXTENSIONS__ 1
| #define _ALL_SOURCE 1
| #define _GNU_SOURCE 1
| #define _POSIX_PTHREAD_SEMANTICS 1
| #define _TANDEM_SOURCE 1
| #define CGMINER_MAJOR_VERSION 4
| #define CGMINER_MINOR_VERSION 9
| #define CGMINER_MINOR_SUBVERSION 0
| #define HAVE_DLFCN_H 1
| #define LT_OBJDIR ".libs/"
| #define HAVE_SYS_MMAN_H 1
| #define HAVE_WCHAR_H 1
| #define HAVE_STDINT_H 1
| #define HAVE_MPROTECT 1
| #define HAVE_SIGACTION 1
| #define HAVE_SIGALTSTACK 1
| #define HAVE_SIGINTERRUPT 1
| #define HAVE_MAP_ANONYMOUS 1
| #define HAVE_DECL_MEMMEM 1
| #define HAVE_MEMMEM 1
| #define restrict __restrict
| #define HAVE_WCHAR_T 1
| #define HAVE_UNSIGNED_LONG_LONG_INT 1
| #define HAVE_LONG_LONG_INT 1
| #define HAVE_RAW_DECL_MEMMEM 1
| #define HAVE_RAW_DECL_MEMPCPY 1
| #define HAVE_RAW_DECL_MEMRCHR 1
| #define HAVE_RAW_DECL_RAWMEMCHR 1
| #define HAVE_RAW_DECL_STPCPY 1
| #define HAVE_RAW_DECL_STPNCPY 1
| #define HAVE_RAW_DECL_STRCHRNUL 1
| #define HAVE_RAW_DECL_STRDUP 1
| #define HAVE_RAW_DECL_STRNCAT 1
| #define HAVE_RAW_DECL_STRNDUP 1
| #define HAVE_RAW_DECL_STRNLEN 1
| #define HAVE_RAW_DECL_STRPBRK 1
| #define HAVE_RAW_DECL_STRSEP 1
| #define HAVE_RAW_DECL_STRCASESTR 1
| #define HAVE_RAW_DECL_STRTOK_R 1
| #define HAVE_RAW_DECL_STRERROR_R 1
| #define HAVE_RAW_DECL_STRSIGNAL 1
| #define HAVE_RAW_DECL_STRVERSCMP 1
| #define GNULIB_TEST_MEMCHR 1
| #define HAVE_MEMMEM 1
| #define GNULIB_TEST_MEMMEM 1
| #define HAVE_STRUCT_SIGACTION_SA_SIGACTION 1
| #define GNULIB_TEST_SIGACTION 1
| /* end confdefs.h.  */
| 
| #include <signal.h>
| 
| 
| int
| main ()
| {
| if (sizeof ((sighandler_t)))
| 	    return 0;
|   ;
|   return 0;
| }
configure:15906: result: yes
configure:15920: checking whether sigaction is declared without a macro
configure:15938: /home/dan/lin/bin/arm-linux-gnueabihf-gcc -c -O2 -Wall -march=armv7  conftest.c >&5
configure:15938: $? = 0
configure:15946: result: yes
configure:15920: checking whether sigaddset is declared without a macro
configure:15938: /home/dan/lin/bin/arm-linux-gnueabihf-gcc -c -O2 -Wall -march=armv7  conftest.c >&5
configure:15938: $? = 0
configure:15946: result: yes
configure:15920: checking whether sigdelset is declared without a macro
configure:15938: /home/dan/lin/bin/arm-linux-gnueabihf-gcc -c -O2 -Wall -march=armv7  conftest.c >&5
configure:15938: $? = 0
configure:15946: result: yes
configure:15920: checking whether sigemptyset is declared without a macro
configure:15938: /home/dan/lin/bin/arm-linux-gnueabihf-gcc -c -O2 -Wall -march=armv7  conftest.c >&5
configure:15938: $? = 0
configure:15946: result: yes
configure:15920: checking whether sigfillset is declared without a macro
configure:15938: /home/dan/lin/bin/arm-linux-gnueabihf-gcc -c -O2 -Wall -march=armv7  conftest.c >&5
configure:15938: $? = 0
configure:15946: result: yes
configure:15920: checking whether sigismember is declared without a macro
configure:15938: /home/dan/lin/bin/arm-linux-gnueabihf-gcc -c -O2 -Wall -march=armv7  conftest.c >&5
configure:15938: $? = 0
configure:15946: result: yes
configure:15920: checking whether sigpending is declared without a macro
configure:15938: /home/dan/lin/bin/arm-linux-gnueabihf-gcc -c -O2 -Wall -march=armv7  conftest.c >&5
configure:15938: $? = 0
configure:15946: result: yes
configure:15920: checking whether sigprocmask is declared without a macro
configure:15938: /home/dan/lin/bin/arm-linux-gnueabihf-gcc -c -O2 -Wall -march=armv7  conftest.c >&5
configure:15938: $? = 0
configure:15946: result: yes
configure:15975: checking for sigprocmask
configure:15975: /home/dan/lin/bin/arm-linux-gnueabihf-gcc -o conftest -O2 -Wall -march=armv7   conftest.c  >&5
configure:15975: $? = 0
configure:15975: result: yes
configure:16042: checking whether NULL can be used in arbitrary expressions
configure:16060: /home/dan/lin/bin/arm-linux-gnueabihf-gcc -c -O2 -Wall -march=armv7  conftest.c >&5
configure:16060: $? = 0
configure:16067: result: yes
configure:16182: checking for ANSI C header files
configure:16286: result: yes
configure:16296: checking syslog.h usability
configure:16296: /home/dan/lin/bin/arm-linux-gnueabihf-gcc -c -O2 -Wall -march=armv7  conftest.c >&5
configure:16296: $? = 0
configure:16296: result: yes
configure:16296: checking syslog.h presence
configure:16296: /home/dan/lin/bin/arm-linux-gnueabihf-gcc -E  conftest.c
configure:16296: $? = 0
configure:16296: result: yes
configure:16296: checking for syslog.h
configure:16296: result: yes
configure:16307: checking for size_t
configure:16307: /home/dan/lin/bin/arm-linux-gnueabihf-gcc -c -O2 -Wall -march=armv7  conftest.c >&5
configure:16307: $? = 0
configure:16307: /home/dan/lin/bin/arm-linux-gnueabihf-gcc -c -O2 -Wall -march=armv7  conftest.c >&5
conftest.c: In function 'main':
conftest.c:115:21: error: expected expression before ')' token
 if (sizeof ((size_t)))
                     ^
configure:16307: $? = 1
configure: failed program was:
| /* confdefs.h */
| #define PACKAGE_NAME "cgminer"
| #define PACKAGE_TARNAME "cgminer"
| #define PACKAGE_VERSION "4.9.0"
| #define PACKAGE_STRING "cgminer 4.9.0"
| #define PACKAGE_BUGREPORT "support@bitmain.com"
| #define PACKAGE_URL ""
| #define PACKAGE "cgminer"
| #define VERSION "4.9.0"
| #define STDC_HEADERS 1
| #define HAVE_SYS_TYPES_H 1
| #define HAVE_SYS_STAT_H 1
| #define HAVE_STDLIB_H 1
| #define HAVE_STRING_H 1
| #define HAVE_MEMORY_H 1
| #define HAVE_STRINGS_H 1
| #define HAVE_INTTYPES_H 1
| #define HAVE_STDINT_H 1
| #define HAVE_UNISTD_H 1
| #define __EXTENSIONS__ 1
| #define _ALL_SOURCE 1
| #define _GNU_SOURCE 1
| #define _POSIX_PTHREAD_SEMANTICS 1
| #define _TANDEM_SOURCE 1
| #define CGMINER_MAJOR_VERSION 4
| #define CGMINER_MINOR_VERSION 9
| #define CGMINER_MINOR_SUBVERSION 0
| #define HAVE_DLFCN_H 1
| #define LT_OBJDIR ".libs/"
| #define HAVE_SYS_MMAN_H 1
| #define HAVE_WCHAR_H 1
| #define HAVE_STDINT_H 1
| #define HAVE_MPROTECT 1
| #define HAVE_SIGACTION 1
| #define HAVE_SIGALTSTACK 1
| #define HAVE_SIGINTERRUPT 1
| #define HAVE_MAP_ANONYMOUS 1
| #define HAVE_DECL_MEMMEM 1
| #define HAVE_MEMMEM 1
| #define restrict __restrict
| #define HAVE_WCHAR_T 1
| #define HAVE_UNSIGNED_LONG_LONG_INT 1
| #define HAVE_LONG_LONG_INT 1
| #define HAVE_RAW_DECL_MEMMEM 1
| #define HAVE_RAW_DECL_MEMPCPY 1
| #define HAVE_RAW_DECL_MEMRCHR 1
| #define HAVE_RAW_DECL_RAWMEMCHR 1
| #define HAVE_RAW_DECL_STPCPY 1
| #define HAVE_RAW_DECL_STPNCPY 1
| #define HAVE_RAW_DECL_STRCHRNUL 1
| #define HAVE_RAW_DECL_STRDUP 1
| #define HAVE_RAW_DECL_STRNCAT 1
| #define HAVE_RAW_DECL_STRNDUP 1
| #define HAVE_RAW_DECL_STRNLEN 1
| #define HAVE_RAW_DECL_STRPBRK 1
| #define HAVE_RAW_DECL_STRSEP 1
| #define HAVE_RAW_DECL_STRCASESTR 1
| #define HAVE_RAW_DECL_STRTOK_R 1
| #define HAVE_RAW_DECL_STRERROR_R 1
| #define HAVE_RAW_DECL_STRSIGNAL 1
| #define HAVE_RAW_DECL_STRVERSCMP 1
| #define GNULIB_TEST_MEMCHR 1
| #define HAVE_MEMMEM 1
| #define GNULIB_TEST_MEMMEM 1
| #define HAVE_STRUCT_SIGACTION_SA_SIGACTION 1
| #define GNULIB_TEST_SIGACTION 1
| #define HAVE_RAW_DECL_SIGACTION 1
| #define HAVE_RAW_DECL_SIGADDSET 1
| #define HAVE_RAW_DECL_SIGDELSET 1
| #define HAVE_RAW_DECL_SIGEMPTYSET 1
| #define HAVE_RAW_DECL_SIGFILLSET 1
| #define HAVE_RAW_DECL_SIGISMEMBER 1
| #define HAVE_RAW_DECL_SIGPENDING 1
| #define HAVE_RAW_DECL_SIGPROCMASK 1
| #define GNULIB_TEST_SIGPROCMASK 1
| #define STDC_HEADERS 1
| #define HAVE_SYSLOG_H 1
| /* end confdefs.h.  */
| #include <stdio.h>
| #ifdef HAVE_SYS_TYPES_H
| # include <sys/types.h>
| #endif
| #ifdef HAVE_SYS_STAT_H
| # include <sys/stat.h>
| #endif
| #ifdef STDC_HEADERS
| # include <stdlib.h>
| # include <stddef.h>
| #else
| # ifdef HAVE_STDLIB_H
| #  include <stdlib.h>
| # endif
| #endif
| #ifdef HAVE_STRING_H
| # if !defined STDC_HEADERS && defined HAVE_MEMORY_H
| #  include <memory.h>
| # endif
| # include <string.h>
| #endif
| #ifdef HAVE_STRINGS_H
| # include <strings.h>
| #endif
| #ifdef HAVE_INTTYPES_H
| # include <inttypes.h>
| #endif
| #ifdef HAVE_STDINT_H
| # include <stdint.h>
| #endif
| #ifdef HAVE_UNISTD_H
| # include <unistd.h>
| #endif
| int
| main ()
| {
| if (sizeof ((size_t)))
| 	    return 0;
|   ;
|   return 0;
| }
configure:16307: result: yes
configure:16320: checking for working alloca.h
configure:16337: /home/dan/lin/bin/arm-linux-gnueabihf-gcc -o conftest -O2 -Wall -march=armv7   conftest.c  >&5
configure:16337: $? = 0
configure:16345: result: yes
configure:16353: checking for alloca
configure:16390: /home/dan/lin/bin/arm-linux-gnueabihf-gcc -o conftest -O2 -Wall -march=armv7   conftest.c  >&5
configure:16390: $? = 0
configure:16398: result: yes
configure:16607: checking for pthread_create in -lpthread
configure:16632: /home/dan/lin/bin/arm-linux-gnueabihf-gcc -o conftest -O2 -Wall -march=armv7   conftest.c -lpthread   >&5
configure:16632: $? = 0
configure:16641: result: yes
configure:17714: checking for arm-pkg-config
configure:17747: result: no
configure:17757: checking for pkg-config
configure:17775: found /usr/bin/pkg-config
configure:17787: result: /usr/bin/pkg-config
configure:17812: checking pkg-config is at least version 0.9.0
configure:17815: result: yes
configure:18151: /home/dan/lin/bin/arm-linux-gnueabihf-gcc -c -O2 -Wall -march=armv7  conftest.c >&5
conftest.c:84:15: fatal error: process.h: No such file or directory
      #include <process.h>
               ^~~~~~~~~~~
compilation terminated.
configure:18151: $? = 1
configure: failed program was:
| /* confdefs.h */
| #define PACKAGE_NAME "cgminer"
| #define PACKAGE_TARNAME "cgminer"
| #define PACKAGE_VERSION "4.9.0"
| #define PACKAGE_STRING "cgminer 4.9.0"
| #define PACKAGE_BUGREPORT "support@bitmain.com"
| #define PACKAGE_URL ""
| #define PACKAGE "cgminer"
| #define VERSION "4.9.0"
| #define STDC_HEADERS 1
| #define HAVE_SYS_TYPES_H 1
| #define HAVE_SYS_STAT_H 1
| #define HAVE_STDLIB_H 1
| #define HAVE_STRING_H 1
| #define HAVE_MEMORY_H 1
| #define HAVE_STRINGS_H 1
| #define HAVE_INTTYPES_H 1
| #define HAVE_STDINT_H 1
| #define HAVE_UNISTD_H 1
| #define __EXTENSIONS__ 1
| #define _ALL_SOURCE 1
| #define _GNU_SOURCE 1
| #define _POSIX_PTHREAD_SEMANTICS 1
| #define _TANDEM_SOURCE 1
| #define CGMINER_MAJOR_VERSION 4
| #define CGMINER_MINOR_VERSION 9
| #define CGMINER_MINOR_SUBVERSION 0
| #define HAVE_DLFCN_H 1
| #define LT_OBJDIR ".libs/"
| #define HAVE_SYS_MMAN_H 1
| #define HAVE_WCHAR_H 1
| #define HAVE_STDINT_H 1
| #define HAVE_MPROTECT 1
| #define HAVE_SIGACTION 1
| #define HAVE_SIGALTSTACK 1
| #define HAVE_SIGINTERRUPT 1
| #define HAVE_MAP_ANONYMOUS 1
| #define HAVE_DECL_MEMMEM 1
| #define HAVE_MEMMEM 1
| #define restrict __restrict
| #define HAVE_WCHAR_T 1
| #define HAVE_UNSIGNED_LONG_LONG_INT 1
| #define HAVE_LONG_LONG_INT 1
| #define HAVE_RAW_DECL_MEMMEM 1
| #define HAVE_RAW_DECL_MEMPCPY 1
| #define HAVE_RAW_DECL_MEMRCHR 1
| #define HAVE_RAW_DECL_RAWMEMCHR 1
| #define HAVE_RAW_DECL_STPCPY 1
| #define HAVE_RAW_DECL_STPNCPY 1
| #define HAVE_RAW_DECL_STRCHRNUL 1
| #define HAVE_RAW_DECL_STRDUP 1
| #define HAVE_RAW_DECL_STRNCAT 1
| #define HAVE_RAW_DECL_STRNDUP 1
| #define HAVE_RAW_DECL_STRNLEN 1
| #define HAVE_RAW_DECL_STRPBRK 1
| #define HAVE_RAW_DECL_STRSEP 1
| #define HAVE_RAW_DECL_STRCASESTR 1
| #define HAVE_RAW_DECL_STRTOK_R 1
| #define HAVE_RAW_DECL_STRERROR_R 1
| #define HAVE_RAW_DECL_STRSIGNAL 1
| #define HAVE_RAW_DECL_STRVERSCMP 1
| #define GNULIB_TEST_MEMCHR 1
| #define HAVE_MEMMEM 1
| #define GNULIB_TEST_MEMMEM 1
| #define HAVE_STRUCT_SIGACTION_SA_SIGACTION 1
| #define GNULIB_TEST_SIGACTION 1
| #define HAVE_RAW_DECL_SIGACTION 1
| #define HAVE_RAW_DECL_SIGADDSET 1
| #define HAVE_RAW_DECL_SIGDELSET 1
| #define HAVE_RAW_DECL_SIGEMPTYSET 1
| #define HAVE_RAW_DECL_SIGFILLSET 1
| #define HAVE_RAW_DECL_SIGISMEMBER 1
| #define HAVE_RAW_DECL_SIGPENDING 1
| #define HAVE_RAW_DECL_SIGPROCMASK 1
| #define GNULIB_TEST_SIGPROCMASK 1
| #define STDC_HEADERS 1
| #define HAVE_SYSLOG_H 1
| #define HAVE_ALLOCA_H 1
| #define HAVE_ALLOCA 1
| #define HAVE_LIBPTHREAD 1
| #define USE_BITMAIN_D1 1
| /* end confdefs.h.  */
| 
| 		   #include <process.h>
| 		   int execv(const char*, const char*const*);
| 
configure:18169: /home/dan/lin/bin/arm-linux-gnueabihf-gcc -c -O2 -Wall -march=armv7  conftest.c >&5
conftest.c:84:35: warning: 'cleanup' defined but not used [-Wunused-function]
 static void __attribute__((cold)) cleanup(void) { }
                                   ^~~~~~~
configure:18169: $? = 0
configure:18179: /home/dan/lin/bin/arm-linux-gnueabihf-gcc -c -O2 -Wall -march=armv7  conftest.c >&5
conftest.c:85:36: warning: 'cleanup' defined but not used [-Wunused-function]
 static void __attribute__((const)) cleanup(void) { }
                                    ^~~~~~~
configure:18179: $? = 0
configure:18189: /home/dan/lin/bin/arm-linux-gnueabihf-gcc -c -O2 -Wall -march=armv7  conftest.c >&5
conftest.c: In function 'cleanup':
conftest.c:86:55: warning: implicit declaration of function 'exit' [-Wimplicit-function-declaration]
 static void __attribute__((noreturn)) cleanup(void) { exit(1); }
                                                       ^~~~
conftest.c:86:55: warning: incompatible implicit declaration of built-in function 'exit'
conftest.c:86:55: note: include '<stdlib.h>' or provide a declaration of 'exit'
At top level:
conftest.c:86:39: warning: 'cleanup' defined but not used [-Wunused-function]
 static void __attribute__((noreturn)) cleanup(void) { exit(1); }
                                       ^~~~~~~
configure:18189: $? = 0
configure:18199: /home/dan/lin/bin/arm-linux-gnueabihf-gcc -c -O2 -Wall -march=armv7  conftest.c >&5
conftest.c:87:55: warning: 'cleanup' defined but not used [-Wunused-function]
 static void __attribute__((format(__printf__, 1, 2))) cleanup(const char *fmt, ...) { }
                                                       ^~~~~~~
configure:18199: $? = 0
configure:18209: /home/dan/lin/bin/arm-linux-gnueabihf-gcc -c -O2 -Wall -march=armv7  conftest.c >&5
configure:18209: $? = 0
configure:18219: /home/dan/lin/bin/arm-linux-gnueabihf-gcc -c -O2 -Wall -march=armv7  conftest.c >&5
configure:18219: $? = 0
configure:18229: /home/dan/lin/bin/arm-linux-gnueabihf-gcc -o conftest -O2 -Wall -march=armv7   conftest.c -lpthread  >&5
configure:18229: $? = 0
configure:18240: /home/dan/lin/bin/arm-linux-gnueabihf-gcc -o conftest -O2 -Wall -march=armv7   conftest.c -lpthread  >&5
configure:18240: $? = 0
configure:18251: /home/dan/lin/bin/arm-linux-gnueabihf-gcc -c -O2 -Wall -march=armv7  conftest.c >&5
conftest.c:92:48: warning: 'func' defined but not used [-Wunused-function]
 static int __attribute__((warn_unused_result)) func(int x) { return x; }
                                                ^~~~
configure:18251: $? = 0
configure:18390: checking that generated files are newer than configure
configure:18396: result: done
configure:18603: creating ./config.status

## ---------------------- ##
## Running config.status. ##
## ---------------------- ##

This file was extended by cgminer config.status 4.9.0, which was
generated by GNU Autoconf 2.69.  Invocation command line was

  CONFIG_FILES    = 
  CONFIG_HEADERS  = 
  CONFIG_LINKS    = 
  CONFIG_COMMANDS = 
  $ ./config.status 

on Hades

config.status:1381: creating Makefile
config.status:1381: creating compat/Makefile
config.status:1381: creating ccan/Makefile
config.status:1381: creating lib/Makefile
config.status:1381: creating x11/Makefile
config.status:1381: creating config.h
config.status:1562: config.h is unchanged
config.status:1610: executing depfiles commands
config.status:1610: executing libtool commands
configure:20819: === configuring in compat/jansson-2.6 (/home/dan/programing/cgminer-dash/compat/jansson-2.6)
configure:20882: running /bin/sh ./configure --disable-option-checking '--prefix=/usr/local'  '--with-system-libusb' '--without-curses' '--enable-bitmain-D1' '--disable-libcurl' '--host' 'arm' 'host_alias=arm' 'CC=/home/dan/lin/bin/arm-linux-gnueabihf-gcc' 'CFLAGS=-O2 -Wall -march=armv7' --cache-file=/dev/null --srcdir=.

## ---------------- ##
## Cache variables. ##
## ---------------- ##

ac_cv_build=x86_64-pc-linux-gnu
ac_cv_c_compiler_gnu=yes
ac_cv_c_inline=inline
ac_cv_c_restrict=__restrict
ac_cv_env_CC_set=set
ac_cv_env_CC_value=/home/dan/lin/bin/arm-linux-gnueabihf-gcc
ac_cv_env_CFLAGS_set=set
ac_cv_env_CFLAGS_value='-O2 -Wall -march=armv7'
ac_cv_env_CPPFLAGS_set=
ac_cv_env_CPPFLAGS_value=
ac_cv_env_CPP_set=
ac_cv_env_CPP_value=
ac_cv_env_LDFLAGS_set=
ac_cv_env_LDFLAGS_value=
ac_cv_env_LIBCURL_CFLAGS_set=
ac_cv_env_LIBCURL_CFLAGS_value=
ac_cv_env_LIBCURL_LIBS_set=
ac_cv_env_LIBCURL_LIBS_value=
ac_cv_env_LIBS_set=
ac_cv_env_LIBS_value=
ac_cv_env_LIBUSB_CFLAGS_set=
ac_cv_env_LIBUSB_CFLAGS_value=
ac_cv_env_LIBUSB_LIBS_set=
ac_cv_env_LIBUSB_LIBS_value=
ac_cv_env_LT_SYS_LIBRARY_PATH_set=
ac_cv_env_LT_SYS_LIBRARY_PATH_value=
ac_cv_env_PKG_CONFIG_LIBDIR_set=
ac_cv_env_PKG_CONFIG_LIBDIR_value=
ac_cv_env_PKG_CONFIG_PATH_set=
ac_cv_env_PKG_CONFIG_PATH_value=
ac_cv_env_PKG_CONFIG_set=
ac_cv_env_PKG_CONFIG_value=
ac_cv_env_build_alias_set=
ac_cv_env_build_alias_value=
ac_cv_env_host_alias_set=set
ac_cv_env_host_alias_value=arm
ac_cv_env_target_alias_set=
ac_cv_env_target_alias_value=
ac_cv_func_alloca_works=yes
ac_cv_func_memmem=yes
ac_cv_func_mmap=yes
ac_cv_func_mprotect=yes
ac_cv_func_sigaction=yes
ac_cv_func_sigaltstack=yes
ac_cv_func_siginterrupt=yes
ac_cv_func_sigprocmask=yes
ac_cv_have_decl_memmem=yes
ac_cv_have_decl_mempcpy=yes
ac_cv_have_decl_memrchr=yes
ac_cv_have_decl_rawmemchr=yes
ac_cv_have_decl_sigaction=yes
ac_cv_have_decl_sigaddset=yes
ac_cv_have_decl_sigdelset=yes
ac_cv_have_decl_sigemptyset=yes
ac_cv_have_decl_sigfillset=yes
ac_cv_have_decl_sigismember=yes
ac_cv_have_decl_sigpending=yes
ac_cv_have_decl_sigprocmask=yes
ac_cv_have_decl_stpcpy=yes
ac_cv_have_decl_stpncpy=yes
ac_cv_have_decl_strcasestr=yes
ac_cv_have_decl_strchrnul=yes
ac_cv_have_decl_strdup=yes
ac_cv_have_decl_strerror_r=yes
ac_cv_have_decl_strncat=yes
ac_cv_have_decl_strndup=yes
ac_cv_have_decl_strnlen=yes
ac_cv_have_decl_strpbrk=yes
ac_cv_have_decl_strsep=yes
ac_cv_have_decl_strsignal=yes
ac_cv_have_decl_strtok_r=yes
ac_cv_have_decl_strverscmp=yes
ac_cv_header_bp_sym_h=no
ac_cv_header_dlfcn_h=yes
ac_cv_header_inttypes_h=yes
ac_cv_header_memory_h=yes
ac_cv_header_minix_config_h=no
ac_cv_header_stdc=yes
ac_cv_header_stdint_h=yes
ac_cv_header_stdlib_h=yes
ac_cv_header_string_h=yes
ac_cv_header_strings_h=yes
ac_cv_header_sys_mman_h=yes
ac_cv_header_sys_stat_h=yes
ac_cv_header_sys_types_h=yes
ac_cv_header_syslog_h=yes
ac_cv_header_unistd_h=yes
ac_cv_header_wchar_h=yes
ac_cv_host=arm-unknown-none
ac_cv_lib_pthread_pthread_create=yes
ac_cv_member_struct_sigaction_sa_sigaction=yes
ac_cv_objext=o
ac_cv_path_EGREP='/usr/bin/grep -E'
ac_cv_path_FGREP='/usr/bin/grep -F'
ac_cv_path_GREP=/usr/bin/grep
ac_cv_path_SED=/usr/bin/sed
ac_cv_path_ac_pt_PKG_CONFIG=/usr/bin/pkg-config
ac_cv_path_install='/usr/bin/install -c'
ac_cv_path_lt_DD=/usr/bin/dd
ac_cv_path_mkdir=/usr/bin/mkdir
ac_cv_prog_AWK=gawk
ac_cv_prog_CC=/home/dan/lin/bin/arm-linux-gnueabihf-gcc
ac_cv_prog_CPP='/home/dan/lin/bin/arm-linux-gnueabihf-gcc -E'
ac_cv_prog_RANLIB=ranlib
ac_cv_prog_STRIP=strip
ac_cv_prog_ac_ct_AR=ar
ac_cv_prog_ac_ct_DUMPBIN='link -dump'
ac_cv_prog_ac_ct_OBJDUMP=objdump
ac_cv_prog_ac_ct_RANLIB=ranlib
ac_cv_prog_ac_ct_STRIP=strip
ac_cv_prog_cc_c89=
ac_cv_prog_cc_g=yes
ac_cv_prog_gcc_traditional=no
ac_cv_prog_make_make_set=yes
ac_cv_safe_to_define___extensions__=yes
ac_cv_target=arm-unknown-none
ac_cv_type_long_long_int=yes
ac_cv_type_sighandler_t=yes
ac_cv_type_size_t=yes
ac_cv_type_uid_t=yes
ac_cv_type_unsigned_long_long_int=yes
ac_cv_type_volatile_sig_atomic_t=yes
ac_cv_working_alloca_h=yes
am_cv_CC_dependencies_compiler_type=gcc3
am_cv_make_support_nested_variables=yes
am_cv_prog_cc_c_o=yes
gl_cv_c_multiarch=no
gl_cv_decl_null_works=yes
gl_cv_func_memchr_works='guessing no'
gl_cv_func_memmem_works_always=yes
gl_cv_func_memmem_works_fast=yes
gl_cv_func_sigprocmask=1
gl_cv_have_include_next=yes
gl_cv_have_raw_decl_memmem=yes
gl_cv_have_raw_decl_mempcpy=yes
gl_cv_have_raw_decl_memrchr=yes
gl_cv_have_raw_decl_rawmemchr=yes
gl_cv_have_raw_decl_sigaction=yes
gl_cv_have_raw_decl_sigaddset=yes
gl_cv_have_raw_decl_sigdelset=yes
gl_cv_have_raw_decl_sigemptyset=yes
gl_cv_have_raw_decl_sigfillset=yes
gl_cv_have_raw_decl_sigismember=yes
gl_cv_have_raw_decl_sigpending=yes
gl_cv_have_raw_decl_sigprocmask=yes
gl_cv_have_raw_decl_stpcpy=yes
gl_cv_have_raw_decl_stpncpy=yes
gl_cv_have_raw_decl_strcasestr=yes
gl_cv_have_raw_decl_strchrnul=yes
gl_cv_have_raw_decl_strdup=yes
gl_cv_have_raw_decl_strerror_r=yes
gl_cv_have_raw_decl_strncat=yes
gl_cv_have_raw_decl_strndup=yes
gl_cv_have_raw_decl_strnlen=yes
gl_cv_have_raw_decl_strpbrk=yes
gl_cv_have_raw_decl_strsep=yes
gl_cv_have_raw_decl_strsignal=yes
gl_cv_have_raw_decl_strtok_r=yes
gl_cv_have_raw_decl_strverscmp=yes
gl_cv_header_working_stdint_h=yes
gl_cv_next_signal_h='<signal.h>'
gl_cv_next_stdint_h='<stdint.h>'
gl_cv_next_string_h='<string.h>'
gl_cv_pragma_columns=no
gt_cv_c_wchar_t=yes
lt_cv_ar_at_file=@
lt_cv_deplibs_check_method=unknown
lt_cv_file_magic_cmd='$MAGIC_CMD'
lt_cv_file_magic_test_file=
lt_cv_ld_reload_flag=-r
lt_cv_nm_interface='BSD nm'
lt_cv_objdir=.libs
lt_cv_path_LD=/home/dan/lin/arm-linux-gnueabihf/bin/ld
lt_cv_path_NM=no
lt_cv_path_mainfest_tool=no
lt_cv_prog_compiler_c_o=yes
lt_cv_prog_compiler_pic='-fPIC -DPIC'
lt_cv_prog_compiler_pic_works=yes
lt_cv_prog_compiler_rtti_exceptions=no
lt_cv_prog_compiler_static_works=yes
lt_cv_prog_gnu_ld=yes
lt_cv_sharedlib_from_linklib_cmd='printf %s\n'
lt_cv_sys_global_symbol_pipe='sed -n -e '\''s/^.*[	 ]\([ABCDGIRSTW][ABCDGIRSTW]*\)[	 ][	 ]*\([_A-Za-z][_A-Za-z0-9]*\)$/\1 \2 \2/p'\'' | sed '\''/ __gnu_lto/d'\'''
lt_cv_sys_global_symbol_to_c_name_address='sed -n -e '\''s/^: \(.*\) .*$/  {"\1", (void *) 0},/p'\'' -e '\''s/^[ABCDGIRSTW][ABCDGIRSTW]* .* \(.*\)$/  {"\1", (void *) \&\1},/p'\'''
lt_cv_sys_global_symbol_to_c_name_address_lib_prefix='sed -n -e '\''s/^: \(.*\) .*$/  {"\1", (void *) 0},/p'\'' -e '\''s/^[ABCDGIRSTW][ABCDGIRSTW]* .* \(lib.*\)$/  {"\1", (void *) \&\1},/p'\'' -e '\''s/^[ABCDGIRSTW][ABCDGIRSTW]* .* \(.*\)$/  {"lib\1", (void *) \&\1},/p'\'''
lt_cv_sys_global_symbol_to_cdecl='sed -n -e '\''s/^T .* \(.*\)$/extern int \1();/p'\'' -e '\''s/^[ABCDGIRSTW][ABCDGIRSTW]* .* \(.*\)$/extern char \1;/p'\'''
lt_cv_sys_global_symbol_to_import=
lt_cv_sys_max_cmd_len=1572864
lt_cv_to_host_file_cmd=func_convert_file_noop
lt_cv_to_tool_file_cmd=func_convert_file_noop
lt_cv_truncate_bin='/usr/bin/dd bs=4096 count=1'

## ----------------- ##
## Output variables. ##
## ----------------- ##

ACLOCAL='${SHELL} /home/dan/programing/cgminer-dash/missing aclocal-1.15'
ALLOCA=''
AMDEPBACKSLASH='\'
AMDEP_FALSE='#'
AMDEP_TRUE=''
AMTAR='$${TAR-tar}'
AM_BACKSLASH='\'
AM_DEFAULT_V='$(AM_DEFAULT_VERBOSITY)'
AM_DEFAULT_VERBOSITY='0'
AM_V='$(V)'
APPLE_UNIVERSAL_BUILD='0'
AR='ar'
AUTOCONF='${SHELL} /home/dan/programing/cgminer-dash/missing autoconf'
AUTOHEADER='${SHELL} /home/dan/programing/cgminer-dash/missing autoheader'
AUTOMAKE='${SHELL} /home/dan/programing/cgminer-dash/missing automake-1.15'
AWK='gawk'
BITSIZEOF_PTRDIFF_T=''
BITSIZEOF_SIG_ATOMIC_T=''
BITSIZEOF_SIZE_T=''
BITSIZEOF_WCHAR_T=''
BITSIZEOF_WINT_T=''
CC='/home/dan/lin/bin/arm-linux-gnueabihf-gcc'
CCDEPMODE='depmode=gcc3'
CFLAGS='-O2 -Wall -march=armv7'
CPP='/home/dan/lin/bin/arm-linux-gnueabihf-gcc -E'
CPPFLAGS=''
CYGPATH_W='echo'
DEFS='-DHAVE_CONFIG_H'
DEPDIR='.deps'
DLLTOOL='false'
DLOPEN_FLAGS='-ldl'
DSYMUTIL=''
DUMPBIN=':'
ECHO_C=''
ECHO_N='-n'
ECHO_T=''
EGREP='/usr/bin/grep -E'
EXEEXT=''
FGREP='/usr/bin/grep -F'
GL_COND_LIBTOOL_FALSE=''
GL_COND_LIBTOOL_TRUE='#'
GL_GENERATE_STDDEF_H_FALSE=''
GL_GENERATE_STDDEF_H_TRUE='#'
GL_GENERATE_STDINT_H_FALSE=''
GL_GENERATE_STDINT_H_TRUE='#'
GNULIB_MBSCASECMP='0'
GNULIB_MBSCASESTR='0'
GNULIB_MBSCHR='0'
GNULIB_MBSCSPN='0'
GNULIB_MBSLEN='0'
GNULIB_MBSNCASECMP='0'
GNULIB_MBSNLEN='0'
GNULIB_MBSPBRK='0'
GNULIB_MBSPCASECMP='0'
GNULIB_MBSRCHR='0'
GNULIB_MBSSEP='0'
GNULIB_MBSSPN='0'
GNULIB_MBSSTR='0'
GNULIB_MBSTOK_R='0'
GNULIB_MEMCHR='1'
GNULIB_MEMMEM='1'
GNULIB_MEMPCPY='0'
GNULIB_MEMRCHR='0'
GNULIB_RAWMEMCHR='0'
GNULIB_SIGACTION='1'
GNULIB_SIGNAL_H_SIGPIPE='0'
GNULIB_SIGPROCMASK='1'
GNULIB_STPCPY='0'
GNULIB_STPNCPY='0'
GNULIB_STRCASESTR='0'
GNULIB_STRCHRNUL='0'
GNULIB_STRDUP='0'
GNULIB_STRERROR='0'
GNULIB_STRERROR_R='0'
GNULIB_STRNCAT='0'
GNULIB_STRNDUP='0'
GNULIB_STRNLEN='0'
GNULIB_STRPBRK='0'
GNULIB_STRSEP='0'
GNULIB_STRSIGNAL='0'
GNULIB_STRSTR='0'
GNULIB_STRTOK_R='0'
GNULIB_STRVERSCMP='0'
GREP='/usr/bin/grep'
HAS_AVALON2_FALSE=''
HAS_AVALON2_TRUE='#'
HAS_AVALON4_FALSE=''
HAS_AVALON4_TRUE='#'
HAS_AVALON_FALSE=''
HAS_AVALON_TRUE='#'
HAS_BAB_FALSE=''
HAS_BAB_TRUE='#'
HAS_BFLSC_FALSE=''
HAS_BFLSC_TRUE='#'
HAS_BITFORCE_FALSE=''
HAS_BITFORCE_TRUE='#'
HAS_BITFURY_FALSE=''
HAS_BITFURY_TRUE='#'
HAS_BITMAIN_C5_FALSE=''
HAS_BITMAIN_C5_TRUE='#'
HAS_BITMAIN_D1_FALSE='#'
HAS_BITMAIN_D1_TRUE=''
HAS_BITMAIN_FALSE=''
HAS_BITMAIN_L3_FALSE=''
HAS_BITMAIN_L3_TRUE='#'
HAS_BITMAIN_TRUE='#'
HAS_BITMINE_A1_FALSE=''
HAS_BITMINE_A1_TRUE='#'
HAS_BLOCKERUPTER_FALSE=''
HAS_BLOCKERUPTER_TRUE='#'
HAS_BMSC_FALSE=''
HAS_BMSC_TRUE='#'
HAS_COINTERRA_FALSE=''
HAS_COINTERRA_TRUE='#'
HAS_DRILLBIT_FALSE=''
HAS_DRILLBIT_TRUE='#'
HAS_HASHFAST_FALSE=''
HAS_HASHFAST_TRUE='#'
HAS_HASHRATIO_FALSE=''
HAS_HASHRATIO_TRUE='#'
HAS_ICARUS_FALSE=''
HAS_ICARUS_TRUE='#'
HAS_KLONDIKE_FALSE=''
HAS_KLONDIKE_TRUE='#'
HAS_KNC_FALSE=''
HAS_KNC_TRUE='#'
HAS_MINION_FALSE=''
HAS_MINION_TRUE='#'
HAS_MODMINER_FALSE=''
HAS_MODMINER_TRUE='#'
HAS_SP10_FALSE=''
HAS_SP10_TRUE='#'
HAS_SP30_FALSE=''
HAS_SP30_TRUE='#'
HAVE_CURSES_FALSE=''
HAVE_CURSES_TRUE='#'
HAVE_DECL_MEMMEM='1'
HAVE_DECL_MEMRCHR='1'
HAVE_DECL_STRDUP='1'
HAVE_DECL_STRERROR_R='1'
HAVE_DECL_STRNDUP='1'
HAVE_DECL_STRNLEN='1'
HAVE_DECL_STRSIGNAL='1'
HAVE_DECL_STRTOK_R='1'
HAVE_INTTYPES_H='1'
HAVE_LONG_LONG_INT='1'
HAVE_MBSLEN='0'
HAVE_MEMCHR='1'
HAVE_MEMPCPY='1'
HAVE_POSIX_SIGNALBLOCKING='1'
HAVE_RAWMEMCHR='1'
HAVE_SIGACTION='1'
HAVE_SIGHANDLER_T='1'
HAVE_SIGINFO_T='1'
HAVE_SIGNED_SIG_ATOMIC_T=''
HAVE_SIGNED_WCHAR_T=''
HAVE_SIGNED_WINT_T=''
HAVE_SIGSET_T='1'
HAVE_STDINT_H='1'
HAVE_STPCPY='1'
HAVE_STPNCPY='1'
HAVE_STRCASESTR='1'
HAVE_STRCHRNUL='1'
HAVE_STRPBRK='1'
HAVE_STRSEP='1'
HAVE_STRUCT_SIGACTION_SA_SIGACTION='1'
HAVE_STRVERSCMP='1'
HAVE_SYS_BITYPES_H=''
HAVE_SYS_INTTYPES_H=''
HAVE_SYS_TYPES_H='1'
HAVE_TYPE_VOLATILE_SIG_ATOMIC_T='1'
HAVE_UNSIGNED_LONG_LONG_INT='1'
HAVE_WCHAR_H='1'
HAVE_WCHAR_T='1'
HAVE_WINDOWS_FALSE=''
HAVE_WINDOWS_TRUE='#'
HAVE_x86_64_FALSE=''
HAVE_x86_64_TRUE='#'
INCLUDE_NEXT='include_next'
INCLUDE_NEXT_AS_FIRST_DIRECTIVE='include_next'
INSTALL_DATA='${INSTALL} -m 644'
INSTALL_PROGRAM='${INSTALL}'
INSTALL_SCRIPT='${INSTALL}'
INSTALL_STRIP_PROGRAM='$(install_sh) -c -s'
JANSSON_LIBS='compat/jansson-2.6/src/.libs/libjansson.a'
LD='/home/dan/lin/arm-linux-gnueabihf/bin/ld'
LDFLAGS=''
LIBCURL_CFLAGS=''
LIBCURL_LIBS=''
LIBGNU_LIBDEPS=''
LIBGNU_LTLIBDEPS=''
LIBOBJS=''
LIBS='-lpthread '
LIBTOOL='$(SHELL) $(top_builddir)/libtool'
LIBUSB_CFLAGS=''
LIBUSB_LIBS=''
LIPO=''
LN_S='ln -s'
LTLIBOBJS=''
LT_SYS_LIBRARY_PATH=''
MAINT='#'
MAINTAINER_MODE_FALSE=''
MAINTAINER_MODE_TRUE='#'
MAKEINFO='${SHELL} /home/dan/programing/cgminer-dash/missing makeinfo'
MANIFEST_TOOL=':'
MATH_LIBS='-lm'
MKDIR_P='/usr/bin/mkdir -p'
MM_LIBS=''
NCURSES_LIBS=''
NEED_FPGAUTILS_FALSE=''
NEED_FPGAUTILS_TRUE='#'
NEXT_AS_FIRST_DIRECTIVE_SIGNAL_H='<signal.h>'
NEXT_AS_FIRST_DIRECTIVE_STDDEF_H=''
NEXT_AS_FIRST_DIRECTIVE_STDINT_H='<stdint.h>'
NEXT_AS_FIRST_DIRECTIVE_STRING_H='<string.h>'
NEXT_SIGNAL_H='<signal.h>'
NEXT_STDDEF_H=''
NEXT_STDINT_H='<stdint.h>'
NEXT_STRING_H='<string.h>'
NM='nm'
NMEDIT=''
OBJDUMP='objdump'
OBJEXT='o'
OTOOL64=''
OTOOL=''
PACKAGE='cgminer'
PACKAGE_BUGREPORT='support@bitmain.com'
PACKAGE_NAME='cgminer'
PACKAGE_STRING='cgminer 4.9.0'
PACKAGE_TARNAME='cgminer'
PACKAGE_URL=''
PACKAGE_VERSION='4.9.0'
PATH_SEPARATOR=':'
PDCURSES_LIBS=''
PKG_CONFIG='/usr/bin/pkg-config'
PKG_CONFIG_LIBDIR=''
PKG_CONFIG_PATH=''
PRAGMA_COLUMNS=''
PRAGMA_SYSTEM_HEADER='#pragma GCC system_header'
PTHREAD_FLAGS='-lpthread'
PTHREAD_LIBS='-lpthread'
PTRDIFF_T_SUFFIX=''
RANLIB='ranlib'
REPLACE_MEMCHR='1'
REPLACE_MEMMEM='0'
REPLACE_NULL='0'
REPLACE_STPNCPY='0'
REPLACE_STRCASESTR='0'
REPLACE_STRCHRNUL='0'
REPLACE_STRDUP='0'
REPLACE_STRERROR='0'
REPLACE_STRERROR_R='0'
REPLACE_STRNCAT='0'
REPLACE_STRNDUP='0'
REPLACE_STRNLEN='0'
REPLACE_STRSIGNAL='0'
REPLACE_STRSTR='0'
REPLACE_STRTOK_R='0'
RT_LIBS='-lrt'
SED='/usr/bin/sed'
SET_MAKE=''
SHELL='/bin/sh'
SIG_ATOMIC_T_SUFFIX=''
SIZE_T_SUFFIX=''
STDDEF_H=''
STDINT_H=''
STRIP='strip'
UNDEFINE_STRTOK_R='0'
VERSION='4.9.0'
VMAJ='4'
WANT_CRC16_FALSE='#'
WANT_CRC16_TRUE=''
WANT_LIBBITFURY_FALSE=''
WANT_LIBBITFURY_TRUE='#'
WANT_STATIC_LIBUSB_FALSE=''
WANT_STATIC_LIBUSB_TRUE='#'
WANT_USBUTILS_FALSE=''
WANT_USBUTILS_TRUE='#'
WCHAR_T_SUFFIX=''
WINT_T_SUFFIX=''
WS2_LIBS=''
ac_ct_AR='ar'
ac_ct_CC=''
ac_ct_DUMPBIN='link -dump'
am__EXEEXT_FALSE=''
am__EXEEXT_TRUE='#'
am__fastdepCC_FALSE='#'
am__fastdepCC_TRUE=''
am__include='include'
am__isrc=''
am__leading_dot='.'
am__nodep='_no'
am__quote=''
am__tar='$${TAR-tar} chof - "$$tardir"'
am__untar='$${TAR-tar} xf -'
bindir='${exec_prefix}/bin'
build='x86_64-pc-linux-gnu'
build_alias=''
build_cpu='x86_64'
build_os='linux-gnu'
build_vendor='pc'
datadir='${datarootdir}'
datarootdir='${prefix}/share'
docdir='${datarootdir}/doc/${PACKAGE_TARNAME}'
dvidir='${docdir}'
exec_prefix='${prefix}'
gl_LIBOBJS=' memchr.o'
gl_LTLIBOBJS=' memchr.lo'
gltests_LIBOBJS=''
gltests_LTLIBOBJS=''
gltests_WITNESS='IN_CGMINER_GNULIB_TESTS'
host='arm-unknown-none'
host_alias='arm'
host_cpu='arm'
host_os='none'
host_vendor='unknown'
htmldir='${docdir}'
includedir='${prefix}/include'
infodir='${datarootdir}/info'
install_sh='${SHELL} /home/dan/programing/cgminer-dash/install-sh'
libdir='${exec_prefix}/lib'
libexecdir='${exec_prefix}/libexec'
localedir='${datarootdir}/locale'
localstatedir='${prefix}/var'
mandir='${datarootdir}/man'
mkdir_p='$(MKDIR_P)'
oldincludedir='/usr/include'
pdfdir='${docdir}'
prefix='/usr/local'
program_transform_name='s,x,x,'
psdir='${docdir}'
release_info=''
sbindir='${exec_prefix}/sbin'
sharedstatedir='${prefix}/com'
subdirs=' compat/jansson-2.6'
sysconfdir='${prefix}/etc'
target='arm-unknown-none'
target_alias=''
target_cpu='arm'
target_os='none'
target_vendor='unknown'
version_info='13:0:9'

## ----------- ##
## confdefs.h. ##
## ----------- ##

/* confdefs.h */
#define PACKAGE_NAME "cgminer"
#define PACKAGE_TARNAME "cgminer"
#define PACKAGE_VERSION "4.9.0"
#define PACKAGE_STRING "cgminer 4.9.0"
#define PACKAGE_BUGREPORT "support@bitmain.com"
#define PACKAGE_URL ""
#define PACKAGE "cgminer"
#define VERSION "4.9.0"
#define STDC_HEADERS 1
#define HAVE_SYS_TYPES_H 1
#define HAVE_SYS_STAT_H 1
#define HAVE_STDLIB_H 1
#define HAVE_STRING_H 1
#define HAVE_MEMORY_H 1
#define HAVE_STRINGS_H 1
#define HAVE_INTTYPES_H 1
#define HAVE_STDINT_H 1
#define HAVE_UNISTD_H 1
#define __EXTENSIONS__ 1
#define _ALL_SOURCE 1
#define _GNU_SOURCE 1
#define _POSIX_PTHREAD_SEMANTICS 1
#define _TANDEM_SOURCE 1
#define CGMINER_MAJOR_VERSION 4
#define CGMINER_MINOR_VERSION 9
#define CGMINER_MINOR_SUBVERSION 0
#define HAVE_DLFCN_H 1
#define LT_OBJDIR ".libs/"
#define HAVE_SYS_MMAN_H 1
#define HAVE_WCHAR_H 1
#define HAVE_STDINT_H 1
#define HAVE_MPROTECT 1
#define HAVE_SIGACTION 1
#define HAVE_SIGALTSTACK 1
#define HAVE_SIGINTERRUPT 1
#define HAVE_MAP_ANONYMOUS 1
#define HAVE_DECL_MEMMEM 1
#define HAVE_MEMMEM 1
#define restrict __restrict
#define HAVE_WCHAR_T 1
#define HAVE_UNSIGNED_LONG_LONG_INT 1
#define HAVE_LONG_LONG_INT 1
#define HAVE_RAW_DECL_MEMMEM 1
#define HAVE_RAW_DECL_MEMPCPY 1
#define HAVE_RAW_DECL_MEMRCHR 1
#define HAVE_RAW_DECL_RAWMEMCHR 1
#define HAVE_RAW_DECL_STPCPY 1
#define HAVE_RAW_DECL_STPNCPY 1
#define HAVE_RAW_DECL_STRCHRNUL 1
#define HAVE_RAW_DECL_STRDUP 1
#define HAVE_RAW_DECL_STRNCAT 1
#define HAVE_RAW_DECL_STRNDUP 1
#define HAVE_RAW_DECL_STRNLEN 1
#define HAVE_RAW_DECL_STRPBRK 1
#define HAVE_RAW_DECL_STRSEP 1
#define HAVE_RAW_DECL_STRCASESTR 1
#define HAVE_RAW_DECL_STRTOK_R 1
#define HAVE_RAW_DECL_STRERROR_R 1
#define HAVE_RAW_DECL_STRSIGNAL 1
#define HAVE_RAW_DECL_STRVERSCMP 1
#define GNULIB_TEST_MEMCHR 1
#define HAVE_MEMMEM 1
#define GNULIB_TEST_MEMMEM 1
#define HAVE_STRUCT_SIGACTION_SA_SIGACTION 1
#define GNULIB_TEST_SIGACTION 1
#define HAVE_RAW_DECL_SIGACTION 1
#define HAVE_RAW_DECL_SIGADDSET 1
#define HAVE_RAW_DECL_SIGDELSET 1
#define HAVE_RAW_DECL_SIGEMPTYSET 1
#define HAVE_RAW_DECL_SIGFILLSET 1
#define HAVE_RAW_DECL_SIGISMEMBER 1
#define HAVE_RAW_DECL_SIGPENDING 1
#define HAVE_RAW_DECL_SIGPROCMASK 1
#define GNULIB_TEST_SIGPROCMASK 1
#define STDC_HEADERS 1
#define HAVE_SYSLOG_H 1
#define HAVE_ALLOCA_H 1
#define HAVE_ALLOCA 1
#define HAVE_LIBPTHREAD 1
#define USE_BITMAIN_D1 1
#define EXECV_2ND_ARG_TYPE char* const*
#define HAVE_ATTRIBUTE_COLD 1
#define HAVE_ATTRIBUTE_CONST 1
#define HAVE_ATTRIBUTE_NORETURN 1
#define HAVE_ATTRIBUTE_PRINTF 1
#define HAVE_ATTRIBUTE_UNUSED 1
#define HAVE_ATTRIBUTE_USED 1
#define HAVE_BUILTIN_CONSTANT_P 1
#define HAVE_BUILTIN_TYPES_COMPATIBLE_P 1
#define HAVE_WARN_UNUSED_RESULT 1
#define CGMINER_PREFIX "/usr/local/bin"

configure: exit 0
