This file contains any messages produced by compilers while
running configure, to aid debugging if configure makes a mistake.

It was created by libusb configure 1.0.16-rc10, which was
generated by GNU Autoconf 2.69.  Invocation command line was

  $ ./configure --disable-option-checking --prefix=/usr/local --enable-bitmain --enable-bitmain-D1 CFLAGS=-O2 -Wall  --cache-file=/dev/null --srcdir=.

## --------- ##
## Platform. ##
## --------- ##

hostname = Hades
uname -m = x86_64
uname -r = 4.9.45-1-lts
uname -s = Linux
uname -v = #1 SMP Fri Aug 25 20:38:26 CEST 2017

/usr/bin/uname -p = unknown
/bin/uname -X     = unknown

/bin/arch              = unknown
/usr/bin/arch -k       = unknown
/usr/convex/getsysinfo = unknown
/usr/bin/hostinfo      = unknown
/bin/machine           = unknown
/usr/bin/oslevel       = unknown
/bin/universe          = unknown

PATH: /usr/local/sbin
PATH: /usr/local/bin
PATH: /usr/bin
PATH: /opt/android-sdk/platform-tools
PATH: /opt/android-sdk/tools
PATH: /opt/cuda/bin
PATH: /usr/lib/jvm/default/bin
PATH: /usr/bin/site_perl
PATH: /usr/bin/vendor_perl
PATH: /usr/bin/core_perl
PATH: /home/dan/go/bin
PATH: /home/dan/.cabal/bin
PATH: .
PATH: /home/dan/go/bin
PATH: /home/dan/.cabal/bin


## ----------- ##
## Core tests. ##
## ----------- ##

configure:2411: checking for a BSD-compatible install
configure:2479: result: /usr/bin/install -c
configure:2490: checking whether build environment is sane
configure:2545: result: yes
configure:2696: checking for a thread-safe mkdir -p
configure:2735: result: /usr/bin/mkdir -p
configure:2742: checking for gawk
configure:2758: found /usr/bin/gawk
configure:2769: result: gawk
configure:2780: checking whether make sets $(MAKE)
configure:2802: result: yes
configure:2831: checking whether make supports nested variables
configure:2848: result: yes
configure:2975: checking whether to enable maintainer-specific portions of Makefiles
configure:2984: result: no
configure:3013: checking whether make supports nested variables
configure:3030: result: yes
configure:3091: checking for gcc
configure:3107: found /usr/bin/gcc
configure:3118: result: gcc
configure:3347: checking for C compiler version
configure:3356: gcc --version >&5
gcc (GCC) 7.1.1 20170630
Copyright (C) 2017 Free Software Foundation, Inc.
This is free software; see the source for copying conditions.  There is NO
warranty; not even for MERCHANTABILITY or FITNESS FOR A PARTICULAR PURPOSE.

configure:3367: $? = 0
configure:3356: gcc -v >&5
Using built-in specs.
COLLECT_GCC=gcc
COLLECT_LTO_WRAPPER=/usr/lib/gcc/x86_64-pc-linux-gnu/7.1.1/lto-wrapper
Target: x86_64-pc-linux-gnu
Configured with: /build/gcc/src/gcc/configure --prefix=/usr --libdir=/usr/lib --libexecdir=/usr/lib --mandir=/usr/share/man --infodir=/usr/share/info --with-bugurl=https://bugs.archlinux.org/ --enable-languages=c,c++,ada,fortran,go,lto,objc,obj-c++ --enable-shared --enable-threads=posix --enable-libmpx --with-system-zlib --with-isl --enable-__cxa_atexit --disable-libunwind-exceptions --enable-clocale=gnu --disable-libstdcxx-pch --disable-libssp --enable-gnu-unique-object --enable-linker-build-id --enable-lto --enable-plugin --enable-install-libiberty --with-linker-hash-style=gnu --enable-gnu-indirect-function --disable-multilib --disable-werror --enable-checking=release --enable-default-pie --enable-default-ssp
Thread model: posix
gcc version 7.1.1 20170630 (GCC) 
configure:3367: $? = 0
configure:3356: gcc -V >&5
gcc: error: unrecognized command line option '-V'
gcc: fatal error: no input files
compilation terminated.
configure:3367: $? = 1
configure:3356: gcc -qversion >&5
gcc: error: unrecognized command line option '-qversion'; did you mean '--version'?
gcc: fatal error: no input files
compilation terminated.
configure:3367: $? = 1
configure:3387: checking whether the C compiler works
configure:3409: gcc -O2 -Wall    conftest.c  >&5
configure:3413: $? = 0
configure:3461: result: yes
configure:3464: checking for C compiler default output file name
configure:3466: result: a.out
configure:3472: checking for suffix of executables
configure:3479: gcc -o conftest -O2 -Wall    conftest.c  >&5
configure:3483: $? = 0
configure:3505: result: 
configure:3527: checking whether we are cross compiling
configure:3535: gcc -o conftest -O2 -Wall    conftest.c  >&5
configure:3539: $? = 0
configure:3546: ./conftest
configure:3550: $? = 0
configure:3565: result: no
configure:3570: checking for suffix of object files
configure:3592: gcc -c -O2 -Wall   conftest.c >&5
configure:3596: $? = 0
configure:3617: result: o
configure:3621: checking whether we are using the GNU C compiler
configure:3640: gcc -c -O2 -Wall   conftest.c >&5
configure:3640: $? = 0
configure:3649: result: yes
configure:3658: checking whether gcc accepts -g
configure:3678: gcc -c -g  conftest.c >&5
configure:3678: $? = 0
configure:3719: result: yes
configure:3736: checking for gcc option to accept ISO C89
configure:3799: gcc  -c -O2 -Wall   conftest.c >&5
configure:3799: $? = 0
configure:3812: result: none needed
configure:3837: checking whether gcc understands -c and -o together
configure:3859: gcc -c conftest.c -o conftest2.o
configure:3862: $? = 0
configure:3859: gcc -c conftest.c -o conftest2.o
configure:3862: $? = 0
configure:3874: result: yes
configure:3902: checking for style of include used by make
configure:3930: result: GNU
configure:3956: checking dependency style of gcc
configure:4067: result: gcc3
configure:4111: checking build system type
configure:4125: result: x86_64-pc-linux-gnu
configure:4145: checking host system type
configure:4158: result: x86_64-pc-linux-gnu
configure:4199: checking how to print strings
configure:4226: result: printf
configure:4247: checking for a sed that does not truncate output
configure:4311: result: /usr/bin/sed
configure:4329: checking for grep that handles long lines and -e
configure:4387: result: /usr/bin/grep
configure:4392: checking for egrep
configure:4454: result: /usr/bin/grep -E
configure:4459: checking for fgrep
configure:4521: result: /usr/bin/grep -F
configure:4556: checking for ld used by gcc
configure:4623: result: /usr/bin/ld
configure:4630: checking if the linker (/usr/bin/ld) is GNU ld
configure:4645: result: yes
configure:4657: checking for BSD- or MS-compatible name lister (nm)
configure:4711: result: /usr/bin/nm -B
configure:4841: checking the name lister (/usr/bin/nm -B) interface
configure:4848: gcc -c -O2 -Wall   conftest.c >&5
configure:4851: /usr/bin/nm -B "conftest.o"
configure:4854: output
0000000000000000 B some_variable
configure:4861: result: BSD nm
configure:4864: checking whether ln -s works
configure:4868: result: yes
configure:4876: checking the maximum length of command line arguments
configure:5007: result: 1572864
configure:5055: checking how to convert x86_64-pc-linux-gnu file names to x86_64-pc-linux-gnu format
configure:5095: result: func_convert_file_noop
configure:5102: checking how to convert x86_64-pc-linux-gnu file names to toolchain format
configure:5122: result: func_convert_file_noop
configure:5129: checking for /usr/bin/ld option to reload object files
configure:5136: result: -r
configure:5210: checking for objdump
configure:5226: found /usr/bin/objdump
configure:5237: result: objdump
configure:5269: checking how to recognize dependent libraries
configure:5469: result: pass_all
configure:5554: checking for dlltool
configure:5584: result: no
configure:5614: checking how to associate runtime and link libraries
configure:5641: result: printf %s\n
configure:5702: checking for ar
configure:5718: found /usr/bin/ar
configure:5729: result: ar
configure:5766: checking for archiver @FILE support
configure:5783: gcc -c -O2 -Wall   conftest.c >&5
configure:5783: $? = 0
configure:5786: ar cru libconftest.a @conftest.lst >&5
ar: `u' modifier ignored since `D' is the default (see `U')
configure:5789: $? = 0
configure:5794: ar cru libconftest.a @conftest.lst >&5
ar: `u' modifier ignored since `D' is the default (see `U')
ar: conftest.o: No such file or directory
configure:5797: $? = 1
configure:5809: result: @
configure:5867: checking for strip
configure:5883: found /usr/bin/strip
configure:5894: result: strip
configure:5966: checking for ranlib
configure:5982: found /usr/bin/ranlib
configure:5993: result: ranlib
configure:6095: checking command to parse /usr/bin/nm -B output from gcc object
configure:6248: gcc -c -O2 -Wall   conftest.c >&5
configure:6251: $? = 0
configure:6255: /usr/bin/nm -B conftest.o \| sed -n -e 's/^.*[ ]\([ABCDGIRSTW][ABCDGIRSTW]*\)[ ][ ]*\([_A-Za-z][_A-Za-z0-9]*\)$/\1 \2 \2/p' | sed '/ __gnu_lto/d' \> conftest.nm
configure:6258: $? = 0
configure:6324: gcc -o conftest -O2 -Wall    conftest.c conftstm.o >&5
configure:6327: $? = 0
configure:6365: result: ok
configure:6412: checking for sysroot
configure:6442: result: no
configure:6449: checking for a working dd
configure:6487: result: /usr/bin/dd
configure:6491: checking how to truncate binary pipes
configure:6506: result: /usr/bin/dd bs=4096 count=1
configure:6642: gcc -c -O2 -Wall   conftest.c >&5
configure:6645: $? = 0
configure:6835: checking for mt
configure:6865: result: no
configure:6885: checking if : is a manifest tool
configure:6891: : '-?'
configure:6899: result: no
configure:7576: checking how to run the C preprocessor
configure:7607: gcc -E  conftest.c
configure:7607: $? = 0
configure:7621: gcc -E  conftest.c
conftest.c:11:10: fatal error: ac_nonexistent.h: No such file or directory
 #include <ac_nonexistent.h>
          ^~~~~~~~~~~~~~~~~~
compilation terminated.
configure:7621: $? = 1
configure: failed program was:
| /* confdefs.h */
| #define PACKAGE_NAME "libusb"
| #define PACKAGE_TARNAME "libusb"
| #define PACKAGE_VERSION "1.0.16-rc10"
| #define PACKAGE_STRING "libusb 1.0.16-rc10"
| #define PACKAGE_BUGREPORT "libusb-devel@lists.sourceforge.net"
| #define PACKAGE_URL "http://www.libusb.org/"
| #define PACKAGE "libusb"
| #define VERSION "1.0.16-rc10"
| /* end confdefs.h.  */
| #include <ac_nonexistent.h>
configure:7646: result: gcc -E
configure:7666: gcc -E  conftest.c
configure:7666: $? = 0
configure:7680: gcc -E  conftest.c
conftest.c:11:10: fatal error: ac_nonexistent.h: No such file or directory
 #include <ac_nonexistent.h>
          ^~~~~~~~~~~~~~~~~~
compilation terminated.
configure:7680: $? = 1
configure: failed program was:
| /* confdefs.h */
| #define PACKAGE_NAME "libusb"
| #define PACKAGE_TARNAME "libusb"
| #define PACKAGE_VERSION "1.0.16-rc10"
| #define PACKAGE_STRING "libusb 1.0.16-rc10"
| #define PACKAGE_BUGREPORT "libusb-devel@lists.sourceforge.net"
| #define PACKAGE_URL "http://www.libusb.org/"
| #define PACKAGE "libusb"
| #define VERSION "1.0.16-rc10"
| /* end confdefs.h.  */
| #include <ac_nonexistent.h>
configure:7709: checking for ANSI C header files
configure:7729: gcc -c -O2 -Wall   conftest.c >&5
configure:7729: $? = 0
configure:7802: gcc -o conftest -O2 -Wall    conftest.c  >&5
configure:7802: $? = 0
configure:7802: ./conftest
configure:7802: $? = 0
configure:7813: result: yes
configure:7826: checking for sys/types.h
configure:7826: gcc -c -O2 -Wall   conftest.c >&5
configure:7826: $? = 0
configure:7826: result: yes
configure:7826: checking for sys/stat.h
configure:7826: gcc -c -O2 -Wall   conftest.c >&5
configure:7826: $? = 0
configure:7826: result: yes
configure:7826: checking for stdlib.h
configure:7826: gcc -c -O2 -Wall   conftest.c >&5
configure:7826: $? = 0
configure:7826: result: yes
configure:7826: checking for string.h
configure:7826: gcc -c -O2 -Wall   conftest.c >&5
configure:7826: $? = 0
configure:7826: result: yes
configure:7826: checking for memory.h
configure:7826: gcc -c -O2 -Wall   conftest.c >&5
configure:7826: $? = 0
configure:7826: result: yes
configure:7826: checking for strings.h
configure:7826: gcc -c -O2 -Wall   conftest.c >&5
configure:7826: $? = 0
configure:7826: result: yes
configure:7826: checking for inttypes.h
configure:7826: gcc -c -O2 -Wall   conftest.c >&5
configure:7826: $? = 0
configure:7826: result: yes
configure:7826: checking for stdint.h
configure:7826: gcc -c -O2 -Wall   conftest.c >&5
configure:7826: $? = 0
configure:7826: result: yes
configure:7826: checking for unistd.h
configure:7826: gcc -c -O2 -Wall   conftest.c >&5
configure:7826: $? = 0
configure:7826: result: yes
configure:7840: checking for dlfcn.h
configure:7840: gcc -c -O2 -Wall   conftest.c >&5
configure:7840: $? = 0
configure:7840: result: yes
configure:8096: checking for objdir
configure:8111: result: .libs
configure:8375: checking if gcc supports -fno-rtti -fno-exceptions
configure:8393: gcc -c -O2 -Wall   -fno-rtti -fno-exceptions conftest.c >&5
cc1: warning: command line option '-fno-rtti' is valid for C++/ObjC++ but not for C
configure:8397: $? = 0
configure:8410: result: no
configure:8768: checking for gcc option to produce PIC
configure:8775: result: -fPIC -DPIC
configure:8783: checking if gcc PIC flag -fPIC -DPIC works
configure:8801: gcc -c -O2 -Wall   -fPIC -DPIC -DPIC conftest.c >&5
configure:8805: $? = 0
configure:8818: result: yes
configure:8847: checking if gcc static flag -static works
configure:8875: result: yes
configure:8890: checking if gcc supports -c -o file.o
configure:8911: gcc -c -O2 -Wall   -o out/conftest2.o conftest.c >&5
configure:8915: $? = 0
configure:8937: result: yes
configure:8945: checking if gcc supports -c -o file.o
configure:8992: result: yes
configure:9025: checking whether the gcc linker (/usr/bin/ld -m elf_x86_64) supports shared libraries
configure:10284: result: yes
configure:10321: checking whether -lc should be explicitly linked in
configure:10329: gcc -c -O2 -Wall   conftest.c >&5
configure:10332: $? = 0
configure:10347: gcc -shared  -fPIC -DPIC conftest.o  -v -Wl,-soname -Wl,conftest -o conftest 2\>\&1 \| /usr/bin/grep  -lc  \>/dev/null 2\>\&1
configure:10350: $? = 0
configure:10364: result: no
configure:10524: checking dynamic linker characteristics
configure:11105: gcc -o conftest -O2 -Wall    -Wl,-rpath -Wl,/foo conftest.c  >&5
configure:11105: $? = 0
configure:11342: result: GNU/Linux ld.so
configure:11464: checking how to hardcode library paths into programs
configure:11489: result: immediate
configure:12037: checking whether stripping libraries is possible
configure:12042: result: yes
configure:12077: checking if libtool supports shared libraries
configure:12079: result: yes
configure:12082: checking whether to build shared libraries
configure:12107: result: yes
configure:12110: checking whether to build static libraries
configure:12114: result: yes
configure:12194: checking for windres
configure:12224: result: no
configure:12321: checking for inline
configure:12337: gcc -c -O2 -Wall   conftest.c >&5
configure:12337: $? = 0
configure:12345: result: inline
configure:12370: checking operating system
configure:12374: result: Linux
configure:12413: checking for clock_gettime in -lrt
configure:12438: gcc -o conftest -O2 -Wall    conftest.c -lrt   >&5
configure:12438: $? = 0
configure:12447: result: yes
configure:12464: checking libudev.h usability
configure:12464: gcc -c -O2 -Wall   conftest.c >&5
configure:12464: $? = 0
configure:12464: result: yes
configure:12464: checking libudev.h presence
configure:12464: gcc -E  conftest.c
configure:12464: $? = 0
configure:12464: result: yes
configure:12464: checking for libudev.h
configure:12464: result: yes
configure:12476: checking for udev_new in -ludev
configure:12501: gcc -o conftest -O2 -Wall    conftest.c -ludev   >&5
configure:12501: $? = 0
configure:12510: result: yes
configure:12549: checking poll.h usability
configure:12549: gcc -c -O2 -Wall   conftest.c >&5
configure:12549: $? = 0
configure:12549: result: yes
configure:12549: checking poll.h presence
configure:12549: gcc -E  conftest.c
configure:12549: $? = 0
configure:12549: result: yes
configure:12549: checking for poll.h
configure:12549: result: yes
configure:12689: checking sys/timerfd.h usability
configure:12689: gcc -c -O2 -Wall   conftest.c >&5
configure:12689: $? = 0
configure:12689: result: yes
configure:12689: checking sys/timerfd.h presence
configure:12689: gcc -E  conftest.c
configure:12689: $? = 0
configure:12689: result: yes
configure:12689: checking for sys/timerfd.h
configure:12689: result: yes
configure:12709: checking whether TFD_NONBLOCK is declared
configure:12709: gcc -c -O2 -Wall   conftest.c >&5
configure:12709: $? = 0
configure:12709: result: yes
configure:12721: checking whether to use timerfd for timing
configure:12728: result: yes
configure:12739: checking for struct timespec
configure:12739: gcc -c -O2 -Wall   conftest.c >&5
configure:12739: $? = 0
configure:12739: gcc -c -O2 -Wall   conftest.c >&5
conftest.c: In function 'main':
conftest.c:68:30: error: expected expression before ')' token
 if (sizeof ((struct timespec)))
                              ^
configure:12739: $? = 1
configure: failed program was:
| /* confdefs.h */
| #define PACKAGE_NAME "libusb"
| #define PACKAGE_TARNAME "libusb"
| #define PACKAGE_VERSION "1.0.16-rc10"
| #define PACKAGE_STRING "libusb 1.0.16-rc10"
| #define PACKAGE_BUGREPORT "libusb-devel@lists.sourceforge.net"
| #define PACKAGE_URL "http://www.libusb.org/"
| #define PACKAGE "libusb"
| #define VERSION "1.0.16-rc10"
| #define STDC_HEADERS 1
| #define HAVE_SYS_TYPES_H 1
| #define HAVE_SYS_STAT_H 1
| #define HAVE_STDLIB_H 1
| #define HAVE_STRING_H 1
| #define HAVE_MEMORY_H 1
| #define HAVE_STRINGS_H 1
| #define HAVE_INTTYPES_H 1
| #define HAVE_STDINT_H 1
| #define HAVE_UNISTD_H 1
| #define HAVE_DLFCN_H 1
| #define LT_OBJDIR ".libs/"
| #define _GNU_SOURCE 1
| #define OS_LINUX 1
| #define HAVE_LIBUDEV_H 1
| #define HAVE_LIBUDEV 1
| #define USE_UDEV 1
| #define HAVE_POLL_H 1
| #define POLL_NFDS_TYPE nfds_t
| #define THREADS_POSIX 1
| #define USBI_TIMERFD_AVAILABLE 1
| /* end confdefs.h.  */
| #include <stdio.h>
| #ifdef HAVE_SYS_TYPES_H
| # include <sys/types.h>
| #endif
| #ifdef HAVE_SYS_STAT_H
| # include <sys/stat.h>
| #endif
| #ifdef STDC_HEADERS
| # include <stdlib.h>
| # include <stddef.h>
| #else
| # ifdef HAVE_STDLIB_H
| #  include <stdlib.h>
| # endif
| #endif
| #ifdef HAVE_STRING_H
| # if !defined STDC_HEADERS && defined HAVE_MEMORY_H
| #  include <memory.h>
| # endif
| # include <string.h>
| #endif
| #ifdef HAVE_STRINGS_H
| # include <strings.h>
| #endif
| #ifdef HAVE_INTTYPES_H
| # include <inttypes.h>
| #endif
| #ifdef HAVE_STDINT_H
| # include <stdint.h>
| #endif
| #ifdef HAVE_UNISTD_H
| # include <unistd.h>
| #endif
| int
| main ()
| {
| if (sizeof ((struct timespec)))
| 	    return 0;
|   ;
|   return 0;
| }
configure:12739: result: yes
configure:12809: gcc -c -O2 -Wall  -Werror -fvisibility=hidden  conftest.c >&5
configure:12809: $? = 0
configure:12837: gcc -c -O2 -Wall  -Wno-pointer-sign  conftest.c >&5
configure:12837: $? = 0
configure:12846: checking for sigaction
configure:12846: gcc -o conftest -O2 -Wall    conftest.c -ludev  -pthread >&5
configure:12846: $? = 0
configure:12846: result: yes
configure:12865: checking sys/time.h usability
configure:12865: gcc -c -O2 -Wall   conftest.c >&5
configure:12865: $? = 0
configure:12865: result: yes
configure:12865: checking sys/time.h presence
configure:12865: gcc -E  conftest.c
configure:12865: $? = 0
configure:12865: result: yes
configure:12865: checking for sys/time.h
configure:12865: result: yes
configure:12877: checking for gettimeofday
configure:12877: gcc -o conftest -O2 -Wall    conftest.c -ludev  -pthread >&5
configure:12877: $? = 0
configure:12877: result: yes
configure:13007: checking that generated files are newer than configure
configure:13013: result: done
configure:13072: creating ./config.status

## ---------------------- ##
## Running config.status. ##
## ---------------------- ##

This file was extended by libusb config.status 1.0.16-rc10, which was
generated by GNU Autoconf 2.69.  Invocation command line was

  CONFIG_FILES    = 
  CONFIG_HEADERS  = 
  CONFIG_LINKS    = 
  CONFIG_COMMANDS = 
  $ ./config.status 

on Hades

config.status:1171: creating libusb-1.0.pc
config.status:1171: creating Makefile
config.status:1171: creating libusb/Makefile
config.status:1171: creating config.h
config.status:1352: config.h is unchanged
config.status:1400: executing depfiles commands
config.status:1400: executing libtool commands

## ---------------- ##
## Cache variables. ##
## ---------------- ##

ac_cv_build=x86_64-pc-linux-gnu
ac_cv_c_compiler_gnu=yes
ac_cv_c_inline=inline
ac_cv_env_CC_set=
ac_cv_env_CC_value=
ac_cv_env_CFLAGS_set=set
ac_cv_env_CFLAGS_value='-O2 -Wall '
ac_cv_env_CPPFLAGS_set=
ac_cv_env_CPPFLAGS_value=
ac_cv_env_CPP_set=
ac_cv_env_CPP_value=
ac_cv_env_LDFLAGS_set=
ac_cv_env_LDFLAGS_value=
ac_cv_env_LIBS_set=
ac_cv_env_LIBS_value=
ac_cv_env_LT_SYS_LIBRARY_PATH_set=
ac_cv_env_LT_SYS_LIBRARY_PATH_value=
ac_cv_env_build_alias_set=
ac_cv_env_build_alias_value=
ac_cv_env_host_alias_set=
ac_cv_env_host_alias_value=
ac_cv_env_target_alias_set=
ac_cv_env_target_alias_value=
ac_cv_func_gettimeofday=yes
ac_cv_func_sigaction=yes
ac_cv_have_decl_TFD_NONBLOCK=yes
ac_cv_header_dlfcn_h=yes
ac_cv_header_inttypes_h=yes
ac_cv_header_libudev_h=yes
ac_cv_header_memory_h=yes
ac_cv_header_poll_h=yes
ac_cv_header_stdc=yes
ac_cv_header_stdint_h=yes
ac_cv_header_stdlib_h=yes
ac_cv_header_string_h=yes
ac_cv_header_strings_h=yes
ac_cv_header_sys_stat_h=yes
ac_cv_header_sys_time_h=yes
ac_cv_header_sys_timerfd_h=yes
ac_cv_header_sys_types_h=yes
ac_cv_header_unistd_h=yes
ac_cv_host=x86_64-pc-linux-gnu
ac_cv_lib_rt_clock_gettime=yes
ac_cv_lib_udev_udev_new=yes
ac_cv_objext=o
ac_cv_path_EGREP='/usr/bin/grep -E'
ac_cv_path_FGREP='/usr/bin/grep -F'
ac_cv_path_GREP=/usr/bin/grep
ac_cv_path_SED=/usr/bin/sed
ac_cv_path_install='/usr/bin/install -c'
ac_cv_path_lt_DD=/usr/bin/dd
ac_cv_path_mkdir=/usr/bin/mkdir
ac_cv_prog_AWK=gawk
ac_cv_prog_CPP='gcc -E'
ac_cv_prog_ac_ct_AR=ar
ac_cv_prog_ac_ct_CC=gcc
ac_cv_prog_ac_ct_OBJDUMP=objdump
ac_cv_prog_ac_ct_RANLIB=ranlib
ac_cv_prog_ac_ct_STRIP=strip
ac_cv_prog_cc_c89=
ac_cv_prog_cc_g=yes
ac_cv_prog_make_make_set=yes
ac_cv_type_struct_timespec=yes
am_cv_CC_dependencies_compiler_type=gcc3
am_cv_make_support_nested_variables=yes
am_cv_prog_cc_c_o=yes
lt_cv_ar_at_file=@
lt_cv_archive_cmds_need_lc=no
lt_cv_deplibs_check_method=pass_all
lt_cv_file_magic_cmd='$MAGIC_CMD'
lt_cv_file_magic_test_file=
lt_cv_ld_reload_flag=-r
lt_cv_nm_interface='BSD nm'
lt_cv_objdir=.libs
lt_cv_path_LD=/usr/bin/ld
lt_cv_path_NM='/usr/bin/nm -B'
lt_cv_path_mainfest_tool=no
lt_cv_prog_compiler_c_o=yes
lt_cv_prog_compiler_c_o_RC=yes
lt_cv_prog_compiler_pic='-fPIC -DPIC'
lt_cv_prog_compiler_pic_works=yes
lt_cv_prog_compiler_rtti_exceptions=no
lt_cv_prog_compiler_static_works=yes
lt_cv_prog_gnu_ld=yes
lt_cv_sharedlib_from_linklib_cmd='printf %s\n'
lt_cv_shlibpath_overrides_runpath=no
lt_cv_sys_global_symbol_pipe='sed -n -e '\''s/^.*[	 ]\([ABCDGIRSTW][ABCDGIRSTW]*\)[	 ][	 ]*\([_A-Za-z][_A-Za-z0-9]*\)$/\1 \2 \2/p'\'' | sed '\''/ __gnu_lto/d'\'''
lt_cv_sys_global_symbol_to_c_name_address='sed -n -e '\''s/^: \(.*\) .*$/  {"\1", (void *) 0},/p'\'' -e '\''s/^[ABCDGIRSTW][ABCDGIRSTW]* .* \(.*\)$/  {"\1", (void *) \&\1},/p'\'''
lt_cv_sys_global_symbol_to_c_name_address_lib_prefix='sed -n -e '\''s/^: \(.*\) .*$/  {"\1", (void *) 0},/p'\'' -e '\''s/^[ABCDGIRSTW][ABCDGIRSTW]* .* \(lib.*\)$/  {"\1", (void *) \&\1},/p'\'' -e '\''s/^[ABCDGIRSTW][ABCDGIRSTW]* .* \(.*\)$/  {"lib\1", (void *) \&\1},/p'\'''
lt_cv_sys_global_symbol_to_cdecl='sed -n -e '\''s/^T .* \(.*\)$/extern int \1();/p'\'' -e '\''s/^[ABCDGIRSTW][ABCDGIRSTW]* .* \(.*\)$/extern char \1;/p'\'''
lt_cv_sys_global_symbol_to_import=
lt_cv_sys_max_cmd_len=1572864
lt_cv_to_host_file_cmd=func_convert_file_noop
lt_cv_to_tool_file_cmd=func_convert_file_noop
lt_cv_truncate_bin='/usr/bin/dd bs=4096 count=1'

## ----------------- ##
## Output variables. ##
## ----------------- ##

ACLOCAL='${SHELL} /home/dan/programing/cgminer-dash/compat/libusb-1.0/missing aclocal-1.15'
AMDEPBACKSLASH='\'
AMDEP_FALSE='#'
AMDEP_TRUE=''
AMTAR='$${TAR-tar}'
AM_BACKSLASH='\'
AM_CFLAGS='-std=gnu99 -Wall -Wundef -Wunused -Wstrict-prototypes -Werror-implicit-function-declaration -Wno-pointer-sign -Wshadow -pthread -fvisibility=hidden'
AM_DEFAULT_V='$(AM_DEFAULT_VERBOSITY)'
AM_DEFAULT_VERBOSITY='0'
AM_V='$(V)'
AR='ar'
AUTOCONF='${SHELL} /home/dan/programing/cgminer-dash/compat/libusb-1.0/missing autoconf'
AUTOHEADER='${SHELL} /home/dan/programing/cgminer-dash/compat/libusb-1.0/missing autoheader'
AUTOMAKE='${SHELL} /home/dan/programing/cgminer-dash/compat/libusb-1.0/missing automake-1.15'
AWK='gawk'
BUILD_EXAMPLES_FALSE=''
BUILD_EXAMPLES_TRUE='#'
CC='gcc'
CCDEPMODE='depmode=gcc3'
CFLAGS='-O2 -Wall '
CPP='gcc -E'
CPPFLAGS=''
CYGPATH_W='echo'
DEFS='-DHAVE_CONFIG_H'
DEPDIR='.deps'
DLLTOOL='false'
DSYMUTIL=''
DUMPBIN=''
ECHO_C=''
ECHO_N='-n'
ECHO_T=''
EGREP='/usr/bin/grep -E'
EXEEXT=''
FGREP='/usr/bin/grep -F'
GREP='/usr/bin/grep'
HAVE_SIGACTION_FALSE='#'
HAVE_SIGACTION_TRUE=''
INSTALL_DATA='${INSTALL} -m 644'
INSTALL_PROGRAM='${INSTALL}'
INSTALL_SCRIPT='${INSTALL}'
INSTALL_STRIP_PROGRAM='$(install_sh) -c -s'
LD='/usr/bin/ld -m elf_x86_64'
LDFLAGS=''
LIBOBJS=''
LIBS='-ludev  -pthread'
LIBTOOL='$(SHELL) $(top_builddir)/libtool'
LIPO=''
LN_S='ln -s'
LTLDFLAGS='-version-info 2:0:0 -no-undefined'
LTLIBOBJS=''
LT_SYS_LIBRARY_PATH=''
MAINT='#'
MAINTAINER_MODE_FALSE=''
MAINTAINER_MODE_TRUE='#'
MAKEINFO='${SHELL} /home/dan/programing/cgminer-dash/compat/libusb-1.0/missing makeinfo'
MANIFEST_TOOL=':'
MKDIR_P='/usr/bin/mkdir -p'
NM='/usr/bin/nm -B'
NMEDIT=''
OBJDUMP='objdump'
OBJEXT='o'
OS_DARWIN=''
OS_DARWIN_FALSE=''
OS_DARWIN_TRUE='#'
OS_LINUX=''
OS_LINUX_FALSE='#'
OS_LINUX_TRUE=''
OS_OPENBSD=''
OS_OPENBSD_FALSE=''
OS_OPENBSD_TRUE='#'
OS_WINDOWS=''
OS_WINDOWS_FALSE=''
OS_WINDOWS_TRUE='#'
OTOOL64=''
OTOOL=''
PACKAGE='libusb'
PACKAGE_BUGREPORT='libusb-devel@lists.sourceforge.net'
PACKAGE_NAME='libusb'
PACKAGE_STRING='libusb 1.0.16-rc10'
PACKAGE_TARNAME='libusb'
PACKAGE_URL='http://www.libusb.org/'
PACKAGE_VERSION='1.0.16-rc10'
PATH_SEPARATOR=':'
RANLIB='ranlib'
RC=''
SED='/usr/bin/sed'
SET_MAKE=''
SHELL='/bin/sh'
STRIP='strip'
THREADS_POSIX_FALSE='#'
THREADS_POSIX_TRUE=''
USE_UDEV=''
USE_UDEV_FALSE='#'
USE_UDEV_TRUE=''
VERSION='1.0.16-rc10'
ac_ct_AR='ar'
ac_ct_CC='gcc'
ac_ct_DUMPBIN=''
am__EXEEXT_FALSE=''
am__EXEEXT_TRUE='#'
am__fastdepCC_FALSE='#'
am__fastdepCC_TRUE=''
am__include='include'
am__isrc=''
am__leading_dot='.'
am__nodep='_no'
am__quote=''
am__tar='$${TAR-tar} chof - "$$tardir"'
am__untar='$${TAR-tar} xf -'
bindir='${exec_prefix}/bin'
build='x86_64-pc-linux-gnu'
build_alias=''
build_cpu='x86_64'
build_os='linux-gnu'
build_vendor='pc'
datadir='${datarootdir}'
datarootdir='${prefix}/share'
docdir='${datarootdir}/doc/${PACKAGE_TARNAME}'
dvidir='${docdir}'
exec_prefix='${prefix}'
host='x86_64-pc-linux-gnu'
host_alias=''
host_cpu='x86_64'
host_os='linux-gnu'
host_vendor='pc'
htmldir='${docdir}'
includedir='${prefix}/include'
infodir='${datarootdir}/info'
install_sh='${SHELL} /home/dan/programing/cgminer-dash/compat/libusb-1.0/install-sh'
libdir='${exec_prefix}/lib'
libexecdir='${exec_prefix}/libexec'
localedir='${datarootdir}/locale'
localstatedir='${prefix}/var'
mandir='${datarootdir}/man'
mkdir_p='$(MKDIR_P)'
oldincludedir='/usr/include'
pdfdir='${docdir}'
prefix='/usr/local'
program_transform_name='s,x,x,'
psdir='${docdir}'
sbindir='${exec_prefix}/sbin'
sharedstatedir='${prefix}/com'
sysconfdir='${prefix}/etc'
target_alias=''

## ----------- ##
## confdefs.h. ##
## ----------- ##

/* confdefs.h */
#define PACKAGE_NAME "libusb"
#define PACKAGE_TARNAME "libusb"
#define PACKAGE_VERSION "1.0.16-rc10"
#define PACKAGE_STRING "libusb 1.0.16-rc10"
#define PACKAGE_BUGREPORT "libusb-devel@lists.sourceforge.net"
#define PACKAGE_URL "http://www.libusb.org/"
#define PACKAGE "libusb"
#define VERSION "1.0.16-rc10"
#define STDC_HEADERS 1
#define HAVE_SYS_TYPES_H 1
#define HAVE_SYS_STAT_H 1
#define HAVE_STDLIB_H 1
#define HAVE_STRING_H 1
#define HAVE_MEMORY_H 1
#define HAVE_STRINGS_H 1
#define HAVE_INTTYPES_H 1
#define HAVE_STDINT_H 1
#define HAVE_UNISTD_H 1
#define HAVE_DLFCN_H 1
#define LT_OBJDIR ".libs/"
#define _GNU_SOURCE 1
#define OS_LINUX 1
#define HAVE_LIBUDEV_H 1
#define HAVE_LIBUDEV 1
#define USE_UDEV 1
#define HAVE_POLL_H 1
#define POLL_NFDS_TYPE nfds_t
#define THREADS_POSIX 1
#define USBI_TIMERFD_AVAILABLE 1
#define HAVE_STRUCT_TIMESPEC 1
#define ENABLE_LOGGING 1
#define DEFAULT_VISIBILITY __attribute__((visibility("default")))
#define HAVE_SYS_TIME_H 1
#define HAVE_GETTIMEOFDAY 1

configure: exit 0
