This file contains any messages produced by compilers while
running configure, to aid debugging if configure makes a mistake.

It was created by jansson configure 2.6, which was
generated by GNU Autoconf 2.69.  Invocation command line was

  $ ./configure --disable-option-checking --prefix=/usr/local --with-system-libusb --without-curses --enable-bitmain-D1 --disable-libcurl --host arm host_alias=arm CC=/home/dan/lin/bin/arm-linux-gnueabihf-gcc CFLAGS=-O2 -Wall -march=armv7 --cache-file=/dev/null --srcdir=.

## --------- ##
## Platform. ##
## --------- ##

hostname = Hades
uname -m = x86_64
uname -r = 4.9.65-1-lts
uname -s = Linux
uname -v = #1 SMP Fri Nov 24 13:02:16 CET 2017

/usr/bin/uname -p = unknown
/bin/uname -X     = unknown

/bin/arch              = unknown
/usr/bin/arch -k       = unknown
/usr/convex/getsysinfo = unknown
/usr/bin/hostinfo      = unknown
/bin/machine           = unknown
/usr/bin/oslevel       = unknown
/bin/universe          = unknown

PATH: /usr/local/sbin
PATH: /usr/local/bin
PATH: /usr/bin
PATH: /opt/android-sdk/platform-tools
PATH: /opt/android-sdk/tools
PATH: /opt/cuda/bin
PATH: /usr/lib/jvm/default/bin
PATH: /usr/bin/site_perl
PATH: /usr/bin/vendor_perl
PATH: /usr/bin/core_perl


## ----------- ##
## Core tests. ##
## ----------- ##

configure:2401: checking for a BSD-compatible install
configure:2469: result: /usr/bin/install -c
configure:2480: checking whether build environment is sane
configure:2535: result: yes
configure:2594: checking for arm-strip
configure:2624: result: no
configure:2634: checking for strip
configure:2650: found /usr/bin/strip
configure:2661: result: strip
configure:2686: checking for a thread-safe mkdir -p
configure:2725: result: /usr/bin/mkdir -p
configure:2732: checking for gawk
configure:2748: found /usr/bin/gawk
configure:2759: result: gawk
configure:2770: checking whether make sets $(MAKE)
configure:2792: result: yes
configure:2821: checking whether make supports nested variables
configure:2838: result: yes
configure:2975: checking whether make supports nested variables
configure:2992: result: yes
configure:3017: checking for arm-gcc
configure:3044: result: /home/dan/lin/bin/arm-linux-gnueabihf-gcc
configure:3313: checking for C compiler version
configure:3322: /home/dan/lin/bin/arm-linux-gnueabihf-gcc --version >&5
arm-linux-gnueabihf-gcc (Linaro GCC 7.2-2017.11) 7.2.1 20171011
Copyright (C) 2017 Free Software Foundation, Inc.
This is free software; see the source for copying conditions.  There is NO
warranty; not even for MERCHANTABILITY or FITNESS FOR A PARTICULAR PURPOSE.

configure:3333: $? = 0
configure:3322: /home/dan/lin/bin/arm-linux-gnueabihf-gcc -v >&5
Using built-in specs.
COLLECT_GCC=/home/dan/lin/bin/arm-linux-gnueabihf-gcc
COLLECT_LTO_WRAPPER=/home/dan/lin/bin/../libexec/gcc/arm-linux-gnueabihf/7.2.1/lto-wrapper
Target: arm-linux-gnueabihf
Configured with: '/home/tcwg-buildslave/workspace/tcwg-make-release/builder_arch/amd64/label/tcwg-x86_64-build/target/arm-linux-gnueabihf/snapshots/gcc.git~linaro-7.2-2017.11/configure' SHELL=/bin/bash --with-mpc=/home/tcwg-buildslave/workspace/tcwg-make-release/builder_arch/amd64/label/tcwg-x86_64-build/target/arm-linux-gnueabihf/_build/builds/destdir/x86_64-unknown-linux-gnu --with-mpfr=/home/tcwg-buildslave/workspace/tcwg-make-release/builder_arch/amd64/label/tcwg-x86_64-build/target/arm-linux-gnueabihf/_build/builds/destdir/x86_64-unknown-linux-gnu --with-gmp=/home/tcwg-buildslave/workspace/tcwg-make-release/builder_arch/amd64/label/tcwg-x86_64-build/target/arm-linux-gnueabihf/_build/builds/destdir/x86_64-unknown-linux-gnu --with-gnu-as --with-gnu-ld --disable-libmudflap --enable-lto --enable-shared --without-included-gettext --enable-nls --disable-sjlj-exceptions --enable-gnu-unique-object --enable-linker-build-id --disable-libstdcxx-pch --enable-c99 --enable-clocale=gnu --enable-libstdcxx-debug --enable-long-long --with-cloog=no --with-ppl=no --with-isl=no --disable-multilib --with-float=hard --with-fpu=vfpv3-d16 --with-mode=thumb --with-tune=cortex-a9 --with-arch=armv7-a --enable-threads=posix --enable-multiarch --enable-libstdcxx-time=yes --enable-gnu-indirect-function --with-build-sysroot=/home/tcwg-buildslave/workspace/tcwg-make-release/builder_arch/amd64/label/tcwg-x86_64-build/target/arm-linux-gnueabihf/_build/sysroots/arm-linux-gnueabihf --with-sysroot=/home/tcwg-buildslave/workspace/tcwg-make-release/builder_arch/amd64/label/tcwg-x86_64-build/target/arm-linux-gnueabihf/_build/builds/destdir/x86_64-unknown-linux-gnu/arm-linux-gnueabihf/libc --enable-checking=release --disable-bootstrap --enable-languages=c,c++,fortran,lto --build=x86_64-unknown-linux-gnu --host=x86_64-unknown-linux-gnu --target=arm-linux-gnueabihf --prefix=/home/tcwg-buildslave/workspace/tcwg-make-release/builder_arch/amd64/label/tcwg-x86_64-build/target/arm-linux-gnueabihf/_build/builds/destdir/x86_64-unknown-linux-gnu
Thread model: posix
gcc version 7.2.1 20171011 (Linaro GCC 7.2-2017.11) 
configure:3333: $? = 0
configure:3322: /home/dan/lin/bin/arm-linux-gnueabihf-gcc -V >&5
arm-linux-gnueabihf-gcc: error: unrecognized command line option '-V'
arm-linux-gnueabihf-gcc: fatal error: no input files
compilation terminated.
configure:3333: $? = 1
configure:3322: /home/dan/lin/bin/arm-linux-gnueabihf-gcc -qversion >&5
arm-linux-gnueabihf-gcc: error: unrecognized command line option '-qversion'; did you mean '--version'?
arm-linux-gnueabihf-gcc: fatal error: no input files
compilation terminated.
configure:3333: $? = 1
configure:3353: checking whether the C compiler works
configure:3375: /home/dan/lin/bin/arm-linux-gnueabihf-gcc -O2 -Wall -march=armv7   conftest.c  >&5
configure:3379: $? = 0
configure:3427: result: yes
configure:3430: checking for C compiler default output file name
configure:3432: result: a.out
configure:3438: checking for suffix of executables
configure:3445: /home/dan/lin/bin/arm-linux-gnueabihf-gcc -o conftest -O2 -Wall -march=armv7   conftest.c  >&5
configure:3449: $? = 0
configure:3471: result: 
configure:3493: checking whether we are cross compiling
configure:3501: /home/dan/lin/bin/arm-linux-gnueabihf-gcc -o conftest -O2 -Wall -march=armv7   conftest.c  >&5
configure:3505: $? = 0
configure:3512: ./conftest
./configure: line 3514: ./conftest: cannot execute binary file: Exec format error
configure:3516: $? = 126
configure:3531: result: yes
configure:3536: checking for suffix of object files
configure:3558: /home/dan/lin/bin/arm-linux-gnueabihf-gcc -c -O2 -Wall -march=armv7  conftest.c >&5
configure:3562: $? = 0
configure:3583: result: o
configure:3587: checking whether we are using the GNU C compiler
configure:3606: /home/dan/lin/bin/arm-linux-gnueabihf-gcc -c -O2 -Wall -march=armv7  conftest.c >&5
configure:3606: $? = 0
configure:3615: result: yes
configure:3624: checking whether /home/dan/lin/bin/arm-linux-gnueabihf-gcc accepts -g
configure:3644: /home/dan/lin/bin/arm-linux-gnueabihf-gcc -c -g  conftest.c >&5
configure:3644: $? = 0
configure:3685: result: yes
configure:3702: checking for /home/dan/lin/bin/arm-linux-gnueabihf-gcc option to accept ISO C89
configure:3765: /home/dan/lin/bin/arm-linux-gnueabihf-gcc  -c -O2 -Wall -march=armv7  conftest.c >&5
configure:3765: $? = 0
configure:3778: result: none needed
configure:3803: checking whether /home/dan/lin/bin/arm-linux-gnueabihf-gcc understands -c and -o together
configure:3825: /home/dan/lin/bin/arm-linux-gnueabihf-gcc -c conftest.c -o conftest2.o
configure:3828: $? = 0
configure:3825: /home/dan/lin/bin/arm-linux-gnueabihf-gcc -c conftest.c -o conftest2.o
configure:3828: $? = 0
configure:3840: result: yes
configure:3868: checking for style of include used by make
configure:3896: result: GNU
configure:3922: checking dependency style of /home/dan/lin/bin/arm-linux-gnueabihf-gcc
configure:4033: result: gcc3
configure:4077: checking build system type
configure:4091: result: x86_64-pc-linux-gnu
configure:4111: checking host system type
configure:4124: result: arm-unknown-none
configure:4165: checking how to print strings
configure:4192: result: printf
configure:4213: checking for a sed that does not truncate output
configure:4277: result: /usr/bin/sed
configure:4295: checking for grep that handles long lines and -e
configure:4353: result: /usr/bin/grep
configure:4358: checking for egrep
configure:4420: result: /usr/bin/grep -E
configure:4425: checking for fgrep
configure:4487: result: /usr/bin/grep -F
configure:4522: checking for ld used by /home/dan/lin/bin/arm-linux-gnueabihf-gcc
configure:4589: result: /home/dan/lin/arm-linux-gnueabihf/bin/ld
configure:4596: checking if the linker (/home/dan/lin/arm-linux-gnueabihf/bin/ld) is GNU ld
configure:4611: result: yes
configure:4623: checking for BSD- or MS-compatible name lister (nm)
configure:4677: result: no
configure:4691: checking for arm-dumpbin
configure:4721: result: no
configure:4691: checking for arm-link
configure:4721: result: no
configure:4735: checking for dumpbin
configure:4765: result: no
configure:4735: checking for link
configure:4751: found /usr/bin/link
configure:4762: result: link -dump
configure:4778: WARNING: using cross tools not prefixed with host triplet
configure:4807: checking the name lister (nm) interface
configure:4814: /home/dan/lin/bin/arm-linux-gnueabihf-gcc -c -O2 -Wall -march=armv7  conftest.c >&5
configure:4817: nm "conftest.o"
configure:4820: output
00000000 b $d
00000000 B some_variable
configure:4827: result: BSD nm
configure:4830: checking whether ln -s works
configure:4834: result: yes
configure:4842: checking the maximum length of command line arguments
configure:4973: result: 1572864
configure:5021: checking how to convert x86_64-pc-linux-gnu file names to arm-unknown-none format
configure:5061: result: func_convert_file_noop
configure:5068: checking how to convert x86_64-pc-linux-gnu file names to toolchain format
configure:5088: result: func_convert_file_noop
configure:5095: checking for /home/dan/lin/arm-linux-gnueabihf/bin/ld option to reload object files
configure:5102: result: -r
configure:5136: checking for arm-objdump
configure:5166: result: no
configure:5176: checking for objdump
configure:5192: found /usr/bin/objdump
configure:5203: result: objdump
configure:5235: checking how to recognize dependent libraries
configure:5435: result: unknown
configure:5480: checking for arm-dlltool
configure:5510: result: no
configure:5520: checking for dlltool
configure:5550: result: no
configure:5580: checking how to associate runtime and link libraries
configure:5607: result: printf %s\n
configure:5624: checking for arm-ar
configure:5654: result: no
configure:5668: checking for ar
configure:5684: found /usr/bin/ar
configure:5695: result: ar
configure:5748: checking for archiver @FILE support
configure:5765: /home/dan/lin/bin/arm-linux-gnueabihf-gcc -c -O2 -Wall -march=armv7  conftest.c >&5
configure:5765: $? = 0
configure:5768: ar cr libconftest.a @conftest.lst >&5
configure:5771: $? = 0
configure:5776: ar cr libconftest.a @conftest.lst >&5
ar: conftest.o: No such file or directory
configure:5779: $? = 1
configure:5791: result: @
configure:5809: checking for arm-strip
configure:5836: result: strip
configure:5908: checking for arm-ranlib
configure:5938: result: no
configure:5948: checking for ranlib
configure:5964: found /usr/bin/ranlib
configure:5975: result: ranlib
configure:6077: checking command to parse nm output from /home/dan/lin/bin/arm-linux-gnueabihf-gcc object
configure:6230: /home/dan/lin/bin/arm-linux-gnueabihf-gcc -c -O2 -Wall -march=armv7  conftest.c >&5
configure:6233: $? = 0
configure:6237: nm conftest.o \| sed -n -e 's/^.*[ ]\([ABCDGIRSTW][ABCDGIRSTW]*\)[ ][ ]*\([_A-Za-z][_A-Za-z0-9]*\)$/\1 \2 \2/p' | sed '/ __gnu_lto/d' \> conftest.nm
configure:6240: $? = 0
configure:6306: /home/dan/lin/bin/arm-linux-gnueabihf-gcc -o conftest -O2 -Wall -march=armv7   conftest.c conftstm.o >&5
configure:6309: $? = 0
configure:6347: result: ok
configure:6394: checking for sysroot
configure:6424: result: no
configure:6431: checking for a working dd
configure:6469: result: /usr/bin/dd
configure:6473: checking how to truncate binary pipes
configure:6488: result: /usr/bin/dd bs=4096 count=1
configure:6777: checking for arm-mt
configure:6807: result: no
configure:6817: checking for mt
configure:6847: result: no
configure:6867: checking if : is a manifest tool
configure:6873: : '-?'
configure:6881: result: no
configure:7558: checking how to run the C preprocessor
configure:7589: /home/dan/lin/bin/arm-linux-gnueabihf-gcc -E  conftest.c
configure:7589: $? = 0
configure:7603: /home/dan/lin/bin/arm-linux-gnueabihf-gcc -E  conftest.c
conftest.c:11:10: fatal error: ac_nonexistent.h: No such file or directory
 #include <ac_nonexistent.h>
          ^~~~~~~~~~~~~~~~~~
compilation terminated.
configure:7603: $? = 1
configure: failed program was:
| /* confdefs.h */
| #define PACKAGE_NAME "jansson"
| #define PACKAGE_TARNAME "jansson"
| #define PACKAGE_VERSION "2.6"
| #define PACKAGE_STRING "jansson 2.6"
| #define PACKAGE_BUGREPORT "petri@digip.org"
| #define PACKAGE_URL ""
| #define PACKAGE "jansson"
| #define VERSION "2.6"
| /* end confdefs.h.  */
| #include <ac_nonexistent.h>
configure:7628: result: /home/dan/lin/bin/arm-linux-gnueabihf-gcc -E
configure:7648: /home/dan/lin/bin/arm-linux-gnueabihf-gcc -E  conftest.c
configure:7648: $? = 0
configure:7662: /home/dan/lin/bin/arm-linux-gnueabihf-gcc -E  conftest.c
conftest.c:11:10: fatal error: ac_nonexistent.h: No such file or directory
 #include <ac_nonexistent.h>
          ^~~~~~~~~~~~~~~~~~
compilation terminated.
configure:7662: $? = 1
configure: failed program was:
| /* confdefs.h */
| #define PACKAGE_NAME "jansson"
| #define PACKAGE_TARNAME "jansson"
| #define PACKAGE_VERSION "2.6"
| #define PACKAGE_STRING "jansson 2.6"
| #define PACKAGE_BUGREPORT "petri@digip.org"
| #define PACKAGE_URL ""
| #define PACKAGE "jansson"
| #define VERSION "2.6"
| /* end confdefs.h.  */
| #include <ac_nonexistent.h>
configure:7691: checking for ANSI C header files
configure:7711: /home/dan/lin/bin/arm-linux-gnueabihf-gcc -c -O2 -Wall -march=armv7  conftest.c >&5
configure:7711: $? = 0
configure:7795: result: yes
configure:7808: checking for sys/types.h
configure:7808: /home/dan/lin/bin/arm-linux-gnueabihf-gcc -c -O2 -Wall -march=armv7  conftest.c >&5
configure:7808: $? = 0
configure:7808: result: yes
configure:7808: checking for sys/stat.h
configure:7808: /home/dan/lin/bin/arm-linux-gnueabihf-gcc -c -O2 -Wall -march=armv7  conftest.c >&5
configure:7808: $? = 0
configure:7808: result: yes
configure:7808: checking for stdlib.h
configure:7808: /home/dan/lin/bin/arm-linux-gnueabihf-gcc -c -O2 -Wall -march=armv7  conftest.c >&5
configure:7808: $? = 0
configure:7808: result: yes
configure:7808: checking for string.h
configure:7808: /home/dan/lin/bin/arm-linux-gnueabihf-gcc -c -O2 -Wall -march=armv7  conftest.c >&5
configure:7808: $? = 0
configure:7808: result: yes
configure:7808: checking for memory.h
configure:7808: /home/dan/lin/bin/arm-linux-gnueabihf-gcc -c -O2 -Wall -march=armv7  conftest.c >&5
configure:7808: $? = 0
configure:7808: result: yes
configure:7808: checking for strings.h
configure:7808: /home/dan/lin/bin/arm-linux-gnueabihf-gcc -c -O2 -Wall -march=armv7  conftest.c >&5
configure:7808: $? = 0
configure:7808: result: yes
configure:7808: checking for inttypes.h
configure:7808: /home/dan/lin/bin/arm-linux-gnueabihf-gcc -c -O2 -Wall -march=armv7  conftest.c >&5
configure:7808: $? = 0
configure:7808: result: yes
configure:7808: checking for stdint.h
configure:7808: /home/dan/lin/bin/arm-linux-gnueabihf-gcc -c -O2 -Wall -march=armv7  conftest.c >&5
configure:7808: $? = 0
configure:7808: result: yes
configure:7808: checking for unistd.h
configure:7808: /home/dan/lin/bin/arm-linux-gnueabihf-gcc -c -O2 -Wall -march=armv7  conftest.c >&5
configure:7808: $? = 0
configure:7808: result: yes
configure:7822: checking for dlfcn.h
configure:7822: /home/dan/lin/bin/arm-linux-gnueabihf-gcc -c -O2 -Wall -march=armv7  conftest.c >&5
configure:7822: $? = 0
configure:7822: result: yes
configure:8078: checking for objdir
configure:8093: result: .libs
configure:8357: checking if /home/dan/lin/bin/arm-linux-gnueabihf-gcc supports -fno-rtti -fno-exceptions
configure:8375: /home/dan/lin/bin/arm-linux-gnueabihf-gcc -c -O2 -Wall -march=armv7  -fno-rtti -fno-exceptions conftest.c >&5
cc1: warning: command line option '-fno-rtti' is valid for C++/ObjC++ but not for C
configure:8379: $? = 0
configure:8392: result: no
configure:8750: checking for /home/dan/lin/bin/arm-linux-gnueabihf-gcc option to produce PIC
configure:8757: result: -fPIC -DPIC
configure:8765: checking if /home/dan/lin/bin/arm-linux-gnueabihf-gcc PIC flag -fPIC -DPIC works
configure:8783: /home/dan/lin/bin/arm-linux-gnueabihf-gcc -c -O2 -Wall -march=armv7  -fPIC -DPIC -DPIC conftest.c >&5
configure:8787: $? = 0
configure:8800: result: yes
configure:8829: checking if /home/dan/lin/bin/arm-linux-gnueabihf-gcc static flag -static works
configure:8857: result: yes
configure:8872: checking if /home/dan/lin/bin/arm-linux-gnueabihf-gcc supports -c -o file.o
configure:8893: /home/dan/lin/bin/arm-linux-gnueabihf-gcc -c -O2 -Wall -march=armv7  -o out/conftest2.o conftest.c >&5
configure:8897: $? = 0
configure:8919: result: yes
configure:8927: checking if /home/dan/lin/bin/arm-linux-gnueabihf-gcc supports -c -o file.o
configure:8974: result: yes
configure:9007: checking whether the /home/dan/lin/bin/arm-linux-gnueabihf-gcc linker (/home/dan/lin/arm-linux-gnueabihf/bin/ld) supports shared libraries
configure:10268: result: yes
configure:10305: checking whether -lc should be explicitly linked in
configure:10313: /home/dan/lin/bin/arm-linux-gnueabihf-gcc -c -O2 -Wall -march=armv7  conftest.c >&5
configure:10316: $? = 0
configure:10331: /home/dan/lin/bin/arm-linux-gnueabihf-gcc -shared  -fPIC -DPIC conftest.o  -v -Wl,-soname -Wl,conftest -o conftest 2\>\&1 \| /usr/bin/grep  -lc  \>/dev/null 2\>\&1
configure:10334: $? = 0
configure:10348: result: no
configure:10508: checking dynamic linker characteristics
configure:11326: result: no
configure:11448: checking how to hardcode library paths into programs
configure:11473: result: immediate
configure:12021: checking whether stripping libraries is possible
configure:12030: result: yes
configure:12072: checking if libtool supports shared libraries
configure:12074: result: no
configure:12077: checking whether to build shared libraries
configure:12102: result: no
configure:12105: checking whether to build static libraries
configure:12109: result: yes
configure:12161: checking endian.h usability
configure:12161: /home/dan/lin/bin/arm-linux-gnueabihf-gcc -c -O2 -Wall -march=armv7  conftest.c >&5
configure:12161: $? = 0
configure:12161: result: yes
configure:12161: checking endian.h presence
configure:12161: /home/dan/lin/bin/arm-linux-gnueabihf-gcc -E  conftest.c
configure:12161: $? = 0
configure:12161: result: yes
configure:12161: checking for endian.h
configure:12161: result: yes
configure:12161: checking fcntl.h usability
configure:12161: /home/dan/lin/bin/arm-linux-gnueabihf-gcc -c -O2 -Wall -march=armv7  conftest.c >&5
configure:12161: $? = 0
configure:12161: result: yes
configure:12161: checking fcntl.h presence
configure:12161: /home/dan/lin/bin/arm-linux-gnueabihf-gcc -E  conftest.c
configure:12161: $? = 0
configure:12161: result: yes
configure:12161: checking for fcntl.h
configure:12161: result: yes
configure:12161: checking locale.h usability
configure:12161: /home/dan/lin/bin/arm-linux-gnueabihf-gcc -c -O2 -Wall -march=armv7  conftest.c >&5
configure:12161: $? = 0
configure:12161: result: yes
configure:12161: checking locale.h presence
configure:12161: /home/dan/lin/bin/arm-linux-gnueabihf-gcc -E  conftest.c
configure:12161: $? = 0
configure:12161: result: yes
configure:12161: checking for locale.h
configure:12161: result: yes
configure:12161: checking sched.h usability
configure:12161: /home/dan/lin/bin/arm-linux-gnueabihf-gcc -c -O2 -Wall -march=armv7  conftest.c >&5
configure:12161: $? = 0
configure:12161: result: yes
configure:12161: checking sched.h presence
configure:12161: /home/dan/lin/bin/arm-linux-gnueabihf-gcc -E  conftest.c
configure:12161: $? = 0
configure:12161: result: yes
configure:12161: checking for sched.h
configure:12161: result: yes
configure:12161: checking for unistd.h
configure:12161: result: yes
configure:12161: checking sys/param.h usability
configure:12161: /home/dan/lin/bin/arm-linux-gnueabihf-gcc -c -O2 -Wall -march=armv7  conftest.c >&5
configure:12161: $? = 0
configure:12161: result: yes
configure:12161: checking sys/param.h presence
configure:12161: /home/dan/lin/bin/arm-linux-gnueabihf-gcc -E  conftest.c
configure:12161: $? = 0
configure:12161: result: yes
configure:12161: checking for sys/param.h
configure:12161: result: yes
configure:12161: checking for sys/stat.h
configure:12161: result: yes
configure:12161: checking sys/time.h usability
configure:12161: /home/dan/lin/bin/arm-linux-gnueabihf-gcc -c -O2 -Wall -march=armv7  conftest.c >&5
configure:12161: $? = 0
configure:12161: result: yes
configure:12161: checking sys/time.h presence
configure:12161: /home/dan/lin/bin/arm-linux-gnueabihf-gcc -E  conftest.c
configure:12161: $? = 0
configure:12161: result: yes
configure:12161: checking for sys/time.h
configure:12161: result: yes
configure:12161: checking for sys/types.h
configure:12161: result: yes
configure:12173: checking for int32_t
configure:12173: /home/dan/lin/bin/arm-linux-gnueabihf-gcc -c -O2 -Wall -march=armv7  conftest.c >&5
configure:12173: $? = 0
configure:12173: /home/dan/lin/bin/arm-linux-gnueabihf-gcc -c -O2 -Wall -march=armv7  conftest.c >&5
conftest.c: In function 'main':
conftest.c:70:53: warning: integer overflow in expression [-Woverflow]
    < (int32_t) (((((int32_t) 1 << N) << N) - 1) * 2 + 2))];
                                                     ^
conftest.c:69:12: error: storage size of 'test_array' isn't constant
 static int test_array [1 - 2 * !((int32_t) (((((int32_t) 1 << N) << N) - 1) * 2 + 1)
            ^~~~~~~~~~
conftest.c:69:12: warning: unused variable 'test_array' [-Wunused-variable]
configure:12173: $? = 1
configure: failed program was:
| /* confdefs.h */
| #define PACKAGE_NAME "jansson"
| #define PACKAGE_TARNAME "jansson"
| #define PACKAGE_VERSION "2.6"
| #define PACKAGE_STRING "jansson 2.6"
| #define PACKAGE_BUGREPORT "petri@digip.org"
| #define PACKAGE_URL ""
| #define PACKAGE "jansson"
| #define VERSION "2.6"
| #define STDC_HEADERS 1
| #define HAVE_SYS_TYPES_H 1
| #define HAVE_SYS_STAT_H 1
| #define HAVE_STDLIB_H 1
| #define HAVE_STRING_H 1
| #define HAVE_MEMORY_H 1
| #define HAVE_STRINGS_H 1
| #define HAVE_INTTYPES_H 1
| #define HAVE_STDINT_H 1
| #define HAVE_UNISTD_H 1
| #define HAVE_DLFCN_H 1
| #define LT_OBJDIR ".libs/"
| #define HAVE_ENDIAN_H 1
| #define HAVE_FCNTL_H 1
| #define HAVE_LOCALE_H 1
| #define HAVE_SCHED_H 1
| #define HAVE_UNISTD_H 1
| #define HAVE_SYS_PARAM_H 1
| #define HAVE_SYS_STAT_H 1
| #define HAVE_SYS_TIME_H 1
| #define HAVE_SYS_TYPES_H 1
| /* end confdefs.h.  */
| #include <stdio.h>
| #ifdef HAVE_SYS_TYPES_H
| # include <sys/types.h>
| #endif
| #ifdef HAVE_SYS_STAT_H
| # include <sys/stat.h>
| #endif
| #ifdef STDC_HEADERS
| # include <stdlib.h>
| # include <stddef.h>
| #else
| # ifdef HAVE_STDLIB_H
| #  include <stdlib.h>
| # endif
| #endif
| #ifdef HAVE_STRING_H
| # if !defined STDC_HEADERS && defined HAVE_MEMORY_H
| #  include <memory.h>
| # endif
| # include <string.h>
| #endif
| #ifdef HAVE_STRINGS_H
| # include <strings.h>
| #endif
| #ifdef HAVE_INTTYPES_H
| # include <inttypes.h>
| #endif
| #ifdef HAVE_STDINT_H
| # include <stdint.h>
| #endif
| #ifdef HAVE_UNISTD_H
| # include <unistd.h>
| #endif
| 	        enum { N = 32 / 2 - 1 };
| int
| main ()
| {
| static int test_array [1 - 2 * !((int32_t) (((((int32_t) 1 << N) << N) - 1) * 2 + 1)
| 		 < (int32_t) (((((int32_t) 1 << N) << N) - 1) * 2 + 2))];
| test_array [0] = 0;
| return test_array [0];
| 
|   ;
|   return 0;
| }
configure:12173: result: yes
configure:12184: checking for uint32_t
configure:12184: /home/dan/lin/bin/arm-linux-gnueabihf-gcc -c -O2 -Wall -march=armv7  conftest.c >&5
configure:12184: $? = 0
configure:12184: result: yes
configure:12199: checking for unsigned long long int
configure:12238: /home/dan/lin/bin/arm-linux-gnueabihf-gcc -o conftest -O2 -Wall -march=armv7   conftest.c  >&5
configure:12238: $? = 0
configure:12247: result: yes
configure:12257: checking for long long int
configure:12307: result: yes
configure:12316: checking for inline
configure:12332: /home/dan/lin/bin/arm-linux-gnueabihf-gcc -c -O2 -Wall -march=armv7  conftest.c >&5
configure:12332: $? = 0
configure:12340: result: inline
configure:12369: checking for close
configure:12369: /home/dan/lin/bin/arm-linux-gnueabihf-gcc -o conftest -O2 -Wall -march=armv7   conftest.c  >&5
configure:12369: $? = 0
configure:12369: result: yes
configure:12369: checking for getpid
configure:12369: /home/dan/lin/bin/arm-linux-gnueabihf-gcc -o conftest -O2 -Wall -march=armv7   conftest.c  >&5
configure:12369: $? = 0
configure:12369: result: yes
configure:12369: checking for gettimeofday
configure:12369: /home/dan/lin/bin/arm-linux-gnueabihf-gcc -o conftest -O2 -Wall -march=armv7   conftest.c  >&5
configure:12369: $? = 0
configure:12369: result: yes
configure:12369: checking for localeconv
configure:12369: /home/dan/lin/bin/arm-linux-gnueabihf-gcc -o conftest -O2 -Wall -march=armv7   conftest.c  >&5
configure:12369: $? = 0
configure:12369: result: yes
configure:12369: checking for open
configure:12369: /home/dan/lin/bin/arm-linux-gnueabihf-gcc -o conftest -O2 -Wall -march=armv7   conftest.c  >&5
configure:12369: $? = 0
configure:12369: result: yes
configure:12369: checking for read
configure:12369: /home/dan/lin/bin/arm-linux-gnueabihf-gcc -o conftest -O2 -Wall -march=armv7   conftest.c  >&5
configure:12369: $? = 0
configure:12369: result: yes
configure:12369: checking for sched_yield
configure:12369: /home/dan/lin/bin/arm-linux-gnueabihf-gcc -o conftest -O2 -Wall -march=armv7   conftest.c  >&5
configure:12369: $? = 0
configure:12369: result: yes
configure:12369: checking for strtoll
configure:12369: /home/dan/lin/bin/arm-linux-gnueabihf-gcc -o conftest -O2 -Wall -march=armv7   conftest.c  >&5
configure:12369: $? = 0
configure:12369: result: yes
configure:12379: checking for gcc __sync builtins
configure:12393: /home/dan/lin/bin/arm-linux-gnueabihf-gcc -o conftest -O2 -Wall -march=armv7   conftest.c  >&5
configure:12393: $? = 0
configure:12403: result: yes
configure:12406: checking for gcc __atomic builtins
configure:12420: /home/dan/lin/bin/arm-linux-gnueabihf-gcc -o conftest -O2 -Wall -march=armv7   conftest.c  >&5
conftest.c: In function 'main':
conftest.c:47:71: warning: invalid memory model for '__atomic_store' [-Winvalid-memory-model]
 char l; unsigned long v; __atomic_test_and_set(&l, __ATOMIC_RELAXED); __atomic_store_n(&v, 1, __ATOMIC_ACQ_REL); __atomic_load_n(&v, __ATOMIC_ACQUIRE);
                                                                       ^~~~~~~~~~~~~~~~~~~~~~~~~~~~~~~~~~~~~~~~~
configure:12420: $? = 0
configure:12430: result: yes
configure:12585: checking that generated files are newer than configure
configure:12591: result: done
configure:12618: creating ./config.status

## ---------------------- ##
## Running config.status. ##
## ---------------------- ##

This file was extended by jansson config.status 2.6, which was
generated by GNU Autoconf 2.69.  Invocation command line was

  CONFIG_FILES    = 
  CONFIG_HEADERS  = 
  CONFIG_LINKS    = 
  CONFIG_COMMANDS = 
  $ ./config.status 

on Hades

config.status:1112: creating jansson.pc
config.status:1112: creating Makefile
config.status:1112: creating src/Makefile
config.status:1112: creating src/jansson_config.h
config.status:1112: creating config.h
config.status:1293: config.h is unchanged
config.status:1341: executing depfiles commands
config.status:1341: executing libtool commands

## ---------------- ##
## Cache variables. ##
## ---------------- ##

ac_cv_build=x86_64-pc-linux-gnu
ac_cv_c_compiler_gnu=yes
ac_cv_c_inline=inline
ac_cv_c_int32_t=yes
ac_cv_c_uint32_t=yes
ac_cv_env_CC_set=set
ac_cv_env_CC_value=/home/dan/lin/bin/arm-linux-gnueabihf-gcc
ac_cv_env_CFLAGS_set=set
ac_cv_env_CFLAGS_value='-O2 -Wall -march=armv7'
ac_cv_env_CPPFLAGS_set=
ac_cv_env_CPPFLAGS_value=
ac_cv_env_CPP_set=
ac_cv_env_CPP_value=
ac_cv_env_LDFLAGS_set=
ac_cv_env_LDFLAGS_value=
ac_cv_env_LIBS_set=
ac_cv_env_LIBS_value=
ac_cv_env_LT_SYS_LIBRARY_PATH_set=
ac_cv_env_LT_SYS_LIBRARY_PATH_value=
ac_cv_env_build_alias_set=
ac_cv_env_build_alias_value=
ac_cv_env_host_alias_set=set
ac_cv_env_host_alias_value=arm
ac_cv_env_target_alias_set=
ac_cv_env_target_alias_value=
ac_cv_func_close=yes
ac_cv_func_getpid=yes
ac_cv_func_gettimeofday=yes
ac_cv_func_localeconv=yes
ac_cv_func_open=yes
ac_cv_func_read=yes
ac_cv_func_sched_yield=yes
ac_cv_func_strtoll=yes
ac_cv_header_dlfcn_h=yes
ac_cv_header_endian_h=yes
ac_cv_header_fcntl_h=yes
ac_cv_header_inttypes_h=yes
ac_cv_header_locale_h=yes
ac_cv_header_memory_h=yes
ac_cv_header_sched_h=yes
ac_cv_header_stdc=yes
ac_cv_header_stdint_h=yes
ac_cv_header_stdlib_h=yes
ac_cv_header_string_h=yes
ac_cv_header_strings_h=yes
ac_cv_header_sys_param_h=yes
ac_cv_header_sys_stat_h=yes
ac_cv_header_sys_time_h=yes
ac_cv_header_sys_types_h=yes
ac_cv_header_unistd_h=yes
ac_cv_host=arm-unknown-none
ac_cv_objext=o
ac_cv_path_EGREP='/usr/bin/grep -E'
ac_cv_path_FGREP='/usr/bin/grep -F'
ac_cv_path_GREP=/usr/bin/grep
ac_cv_path_SED=/usr/bin/sed
ac_cv_path_install='/usr/bin/install -c'
ac_cv_path_lt_DD=/usr/bin/dd
ac_cv_path_mkdir=/usr/bin/mkdir
ac_cv_prog_AWK=gawk
ac_cv_prog_CC=/home/dan/lin/bin/arm-linux-gnueabihf-gcc
ac_cv_prog_CPP='/home/dan/lin/bin/arm-linux-gnueabihf-gcc -E'
ac_cv_prog_STRIP=strip
ac_cv_prog_ac_ct_AR=ar
ac_cv_prog_ac_ct_DUMPBIN='link -dump'
ac_cv_prog_ac_ct_OBJDUMP=objdump
ac_cv_prog_ac_ct_RANLIB=ranlib
ac_cv_prog_ac_ct_STRIP=strip
ac_cv_prog_cc_c89=
ac_cv_prog_cc_g=yes
ac_cv_prog_make_make_set=yes
ac_cv_type_long_long_int=yes
ac_cv_type_unsigned_long_long_int=yes
am_cv_CC_dependencies_compiler_type=gcc3
am_cv_make_support_nested_variables=yes
am_cv_prog_cc_c_o=yes
lt_cv_ar_at_file=@
lt_cv_archive_cmds_need_lc=no
lt_cv_deplibs_check_method=unknown
lt_cv_file_magic_cmd='$MAGIC_CMD'
lt_cv_file_magic_test_file=
lt_cv_ld_reload_flag=-r
lt_cv_nm_interface='BSD nm'
lt_cv_objdir=.libs
lt_cv_path_LD=/home/dan/lin/arm-linux-gnueabihf/bin/ld
lt_cv_path_NM=no
lt_cv_path_mainfest_tool=no
lt_cv_prog_compiler_c_o=yes
lt_cv_prog_compiler_pic='-fPIC -DPIC'
lt_cv_prog_compiler_pic_works=yes
lt_cv_prog_compiler_rtti_exceptions=no
lt_cv_prog_compiler_static_works=yes
lt_cv_prog_gnu_ld=yes
lt_cv_sharedlib_from_linklib_cmd='printf %s\n'
lt_cv_sys_global_symbol_pipe='sed -n -e '\''s/^.*[	 ]\([ABCDGIRSTW][ABCDGIRSTW]*\)[	 ][	 ]*\([_A-Za-z][_A-Za-z0-9]*\)$/\1 \2 \2/p'\'' | sed '\''/ __gnu_lto/d'\'''
lt_cv_sys_global_symbol_to_c_name_address='sed -n -e '\''s/^: \(.*\) .*$/  {"\1", (void *) 0},/p'\'' -e '\''s/^[ABCDGIRSTW][ABCDGIRSTW]* .* \(.*\)$/  {"\1", (void *) \&\1},/p'\'''
lt_cv_sys_global_symbol_to_c_name_address_lib_prefix='sed -n -e '\''s/^: \(.*\) .*$/  {"\1", (void *) 0},/p'\'' -e '\''s/^[ABCDGIRSTW][ABCDGIRSTW]* .* \(lib.*\)$/  {"\1", (void *) \&\1},/p'\'' -e '\''s/^[ABCDGIRSTW][ABCDGIRSTW]* .* \(.*\)$/  {"lib\1", (void *) \&\1},/p'\'''
lt_cv_sys_global_symbol_to_cdecl='sed -n -e '\''s/^T .* \(.*\)$/extern int \1();/p'\'' -e '\''s/^[ABCDGIRSTW][ABCDGIRSTW]* .* \(.*\)$/extern char \1;/p'\'''
lt_cv_sys_global_symbol_to_import=
lt_cv_sys_max_cmd_len=1572864
lt_cv_to_host_file_cmd=func_convert_file_noop
lt_cv_to_tool_file_cmd=func_convert_file_noop
lt_cv_truncate_bin='/usr/bin/dd bs=4096 count=1'

## ----------------- ##
## Output variables. ##
## ----------------- ##

ACLOCAL='${SHELL} /home/dan/programing/cgminer-dash/compat/jansson-2.6/missing aclocal-1.15'
AMDEPBACKSLASH='\'
AMDEP_FALSE='#'
AMDEP_TRUE=''
AMTAR='$${TAR-tar}'
AM_BACKSLASH='\'
AM_DEFAULT_V='$(AM_DEFAULT_VERBOSITY)'
AM_DEFAULT_VERBOSITY='0'
AM_V='$(V)'
AR='ar'
AUTOCONF='${SHELL} /home/dan/programing/cgminer-dash/compat/jansson-2.6/missing autoconf'
AUTOHEADER='${SHELL} /home/dan/programing/cgminer-dash/compat/jansson-2.6/missing autoheader'
AUTOMAKE='${SHELL} /home/dan/programing/cgminer-dash/compat/jansson-2.6/missing automake-1.15'
AWK='gawk'
CC='/home/dan/lin/bin/arm-linux-gnueabihf-gcc'
CCDEPMODE='depmode=gcc3'
CFLAGS='-O2 -Wall -march=armv7'
CPP='/home/dan/lin/bin/arm-linux-gnueabihf-gcc -E'
CPPFLAGS=''
CYGPATH_W='echo'
DEFS='-DHAVE_CONFIG_H'
DEPDIR='.deps'
DLLTOOL='false'
DSYMUTIL=''
DUMPBIN=':'
ECHO_C=''
ECHO_N='-n'
ECHO_T=''
EGREP='/usr/bin/grep -E'
EXEEXT=''
FGREP='/usr/bin/grep -F'
GCC_FALSE='#'
GCC_TRUE=''
GREP='/usr/bin/grep'
INSTALL_DATA='${INSTALL} -m 644'
INSTALL_PROGRAM='${INSTALL}'
INSTALL_SCRIPT='${INSTALL}'
INSTALL_STRIP_PROGRAM='$(install_sh) -c -s'
LD='/home/dan/lin/arm-linux-gnueabihf/bin/ld'
LDFLAGS=''
LIBOBJS=''
LIBS=''
LIBTOOL='$(SHELL) $(top_builddir)/libtool'
LIPO=''
LN_S='ln -s'
LTLIBOBJS=''
LT_SYS_LIBRARY_PATH=''
MAKEINFO='${SHELL} /home/dan/programing/cgminer-dash/compat/jansson-2.6/missing makeinfo'
MANIFEST_TOOL=':'
MKDIR_P='/usr/bin/mkdir -p'
NM='nm'
NMEDIT=''
OBJDUMP='objdump'
OBJEXT='o'
OTOOL64=''
OTOOL=''
PACKAGE='jansson'
PACKAGE_BUGREPORT='petri@digip.org'
PACKAGE_NAME='jansson'
PACKAGE_STRING='jansson 2.6'
PACKAGE_TARNAME='jansson'
PACKAGE_URL=''
PACKAGE_VERSION='2.6'
PATH_SEPARATOR=':'
RANLIB='ranlib'
SED='/usr/bin/sed'
SET_MAKE=''
SHELL='/bin/sh'
STRIP='strip'
VERSION='2.6'
ac_ct_AR='ar'
ac_ct_CC=''
ac_ct_DUMPBIN='link -dump'
am__EXEEXT_FALSE=''
am__EXEEXT_TRUE='#'
am__fastdepCC_FALSE='#'
am__fastdepCC_TRUE=''
am__include='include'
am__isrc=''
am__leading_dot='.'
am__nodep='_no'
am__quote=''
am__tar='$${TAR-tar} chof - "$$tardir"'
am__untar='$${TAR-tar} xf -'
bindir='${exec_prefix}/bin'
build='x86_64-pc-linux-gnu'
build_alias=''
build_cpu='x86_64'
build_os='linux-gnu'
build_vendor='pc'
datadir='${datarootdir}'
datarootdir='${prefix}/share'
docdir='${datarootdir}/doc/${PACKAGE_TARNAME}'
dvidir='${docdir}'
exec_prefix='${prefix}'
host='arm-unknown-none'
host_alias='arm'
host_cpu='arm'
host_os='none'
host_vendor='unknown'
htmldir='${docdir}'
includedir='${prefix}/include'
infodir='${datarootdir}/info'
install_sh='${SHELL} /home/dan/programing/cgminer-dash/compat/jansson-2.6/install-sh'
json_have_localeconv='1'
json_have_long_long='1'
json_inline='inline'
libdir='${exec_prefix}/lib'
libexecdir='${exec_prefix}/libexec'
localedir='${datarootdir}/locale'
localstatedir='${prefix}/var'
mandir='${datarootdir}/man'
mkdir_p='$(MKDIR_P)'
oldincludedir='/usr/include'
pdfdir='${docdir}'
prefix='/usr/local'
program_transform_name='s,x,x,'
psdir='${docdir}'
sbindir='${exec_prefix}/sbin'
sharedstatedir='${prefix}/com'
sysconfdir='${prefix}/etc'
target_alias=''

## ----------- ##
## confdefs.h. ##
## ----------- ##

/* confdefs.h */
#define PACKAGE_NAME "jansson"
#define PACKAGE_TARNAME "jansson"
#define PACKAGE_VERSION "2.6"
#define PACKAGE_STRING "jansson 2.6"
#define PACKAGE_BUGREPORT "petri@digip.org"
#define PACKAGE_URL ""
#define PACKAGE "jansson"
#define VERSION "2.6"
#define STDC_HEADERS 1
#define HAVE_SYS_TYPES_H 1
#define HAVE_SYS_STAT_H 1
#define HAVE_STDLIB_H 1
#define HAVE_STRING_H 1
#define HAVE_MEMORY_H 1
#define HAVE_STRINGS_H 1
#define HAVE_INTTYPES_H 1
#define HAVE_STDINT_H 1
#define HAVE_UNISTD_H 1
#define HAVE_DLFCN_H 1
#define LT_OBJDIR ".libs/"
#define HAVE_ENDIAN_H 1
#define HAVE_FCNTL_H 1
#define HAVE_LOCALE_H 1
#define HAVE_SCHED_H 1
#define HAVE_UNISTD_H 1
#define HAVE_SYS_PARAM_H 1
#define HAVE_SYS_STAT_H 1
#define HAVE_SYS_TIME_H 1
#define HAVE_SYS_TYPES_H 1
#define HAVE_UNSIGNED_LONG_LONG_INT 1
#define HAVE_LONG_LONG_INT 1
#define HAVE_CLOSE 1
#define HAVE_GETPID 1
#define HAVE_GETTIMEOFDAY 1
#define HAVE_LOCALECONV 1
#define HAVE_OPEN 1
#define HAVE_READ 1
#define HAVE_SCHED_YIELD 1
#define HAVE_STRTOLL 1
#define HAVE_SYNC_BUILTINS 1
#define HAVE_ATOMIC_BUILTINS 1
#define USE_URANDOM 1
#define USE_WINDOWS_CRYPTOAPI 1

configure: exit 0
